[12-Apr-2025 18:26:52 Asia/Shanghai] VIP用户 4 的免费次数使用情况：
[12-Apr-2025 18:26:52 Asia/Shanghai] 已使用次数: 0
[12-Apr-2025 18:26:52 Asia/Shanghai] 普通免费剩余: 10
[12-Apr-2025 18:26:52 Asia/Shanghai] VIP专属剩余: 5
[12-Apr-2025 18:26:55 Asia/Shanghai] VIP用户 4 的免费次数使用情况：
[12-Apr-2025 18:26:55 Asia/Shanghai] 已使用次数: 0
[12-Apr-2025 18:26:55 Asia/Shanghai] 普通免费剩余: 10
[12-Apr-2025 18:26:55 Asia/Shanghai] VIP专属剩余: 5
[12-Apr-2025 18:26:55 Asia/Shanghai] VIP用户 4 的免费次数使用情况：
[12-Apr-2025 18:26:55 Asia/Shanghai] 已使用次数: 0
[12-Apr-2025 18:26:55 Asia/Shanghai] 普通免费剩余: 10
[12-Apr-2025 18:26:55 Asia/Shanghai] VIP专属剩余: 5
[12-Apr-2025 18:26:56 Asia/Shanghai] VIP用户 4 的免费次数使用情况：
[12-Apr-2025 18:26:56 Asia/Shanghai] 已使用次数: 0
[12-Apr-2025 18:26:56 Asia/Shanghai] 普通免费剩余: 10
[12-Apr-2025 18:26:56 Asia/Shanghai] VIP专属剩余: 5
[12-Apr-2025 18:26:56 Asia/Shanghai] VIP用户 4 的免费次数使用情况：
[12-Apr-2025 18:26:56 Asia/Shanghai] 已使用次数: 0
[12-Apr-2025 18:26:56 Asia/Shanghai] 普通免费剩余: 10
[12-Apr-2025 18:26:56 Asia/Shanghai] VIP专属剩余: 5
[12-Apr-2025 18:26:58 Asia/Shanghai] VIP用户 4 的免费次数使用情况：
[12-Apr-2025 18:26:58 Asia/Shanghai] 已使用次数: 0
[12-Apr-2025 18:26:58 Asia/Shanghai] 普通免费剩余: 10
[12-Apr-2025 18:26:58 Asia/Shanghai] VIP专属剩余: 5
[12-Apr-2025 18:26:58 Asia/Shanghai] VIP用户 4 的免费次数使用情况：
[12-Apr-2025 18:26:58 Asia/Shanghai] 已使用次数: 0
[12-Apr-2025 18:26:58 Asia/Shanghai] 普通免费剩余: 10
[12-Apr-2025 18:26:58 Asia/Shanghai] VIP专属剩余: 5
[12-Apr-2025 18:26:58 Asia/Shanghai] VIP用户 4 的免费次数使用情况：
[12-Apr-2025 18:26:58 Asia/Shanghai] 已使用次数: 0
[12-Apr-2025 18:26:58 Asia/Shanghai] 普通免费剩余: 10
[12-Apr-2025 18:26:58 Asia/Shanghai] VIP专属剩余: 5
[12-Apr-2025 18:26:58 Asia/Shanghai] VIP用户 4 的免费次数使用情况：
[12-Apr-2025 18:26:58 Asia/Shanghai] 已使用次数: 0
[12-Apr-2025 18:26:58 Asia/Shanghai] 普通免费剩余: 10
[12-Apr-2025 18:26:58 Asia/Shanghai] VIP专属剩余: 5
[12-Apr-2025 18:26:58 Asia/Shanghai] VIP用户 4 的免费次数使用情况：
[12-Apr-2025 18:26:58 Asia/Shanghai] 已使用次数: 0
[12-Apr-2025 18:26:58 Asia/Shanghai] 普通免费剩余: 10
[12-Apr-2025 18:26:58 Asia/Shanghai] VIP专属剩余: 5
[12-Apr-2025 18:26:59 Asia/Shanghai] VIP用户 4 的免费次数使用情况：
[12-Apr-2025 18:26:59 Asia/Shanghai] 已使用次数: 0
[12-Apr-2025 18:26:59 Asia/Shanghai] 普通免费剩余: 10
[12-Apr-2025 18:26:59 Asia/Shanghai] VIP专属剩余: 5
[12-Apr-2025 18:29:08 Asia/Shanghai] VIP用户 4 的免费次数使用情况：
[12-Apr-2025 18:29:08 Asia/Shanghai] 已使用次数: 0
[12-Apr-2025 18:29:08 Asia/Shanghai] 普通免费剩余: 10
[12-Apr-2025 18:29:08 Asia/Shanghai] VIP专属剩余: 5
[12-Apr-2025 18:29:11 Asia/Shanghai] VIP用户 4 的免费次数使用情况：
[12-Apr-2025 18:29:11 Asia/Shanghai] 已使用次数: 0
[12-Apr-2025 18:29:11 Asia/Shanghai] 普通免费剩余: 10
[12-Apr-2025 18:29:11 Asia/Shanghai] VIP专属剩余: 5
[12-Apr-2025 18:29:11 Asia/Shanghai] VIP用户 4 的免费次数使用情况：
[12-Apr-2025 18:29:11 Asia/Shanghai] 已使用次数: 0
[12-Apr-2025 18:29:11 Asia/Shanghai] 普通免费剩余: 10
[12-Apr-2025 18:29:11 Asia/Shanghai] VIP专属剩余: 5
[12-Apr-2025 18:29:11 Asia/Shanghai] VIP用户 4 的免费次数使用情况：
[12-Apr-2025 18:29:11 Asia/Shanghai] 已使用次数: 0
[12-Apr-2025 18:29:11 Asia/Shanghai] 普通免费剩余: 10
[12-Apr-2025 18:29:11 Asia/Shanghai] VIP专属剩余: 5
[12-Apr-2025 18:29:11 Asia/Shanghai] VIP用户 4 的免费次数使用情况：
[12-Apr-2025 18:29:11 Asia/Shanghai] 已使用次数: 0
[12-Apr-2025 18:29:11 Asia/Shanghai] 普通免费剩余: 10
[12-Apr-2025 18:29:11 Asia/Shanghai] VIP专属剩余: 5
[12-Apr-2025 18:29:12 Asia/Shanghai] VIP用户 4 的免费次数使用情况：
[12-Apr-2025 18:29:12 Asia/Shanghai] 已使用次数: 0
[12-Apr-2025 18:29:12 Asia/Shanghai] 普通免费剩余: 10
[12-Apr-2025 18:29:12 Asia/Shanghai] VIP专属剩余: 5
[12-Apr-2025 18:29:12 Asia/Shanghai] VIP用户 4 的免费次数使用情况：
[12-Apr-2025 18:29:12 Asia/Shanghai] 已使用次数: 0
[12-Apr-2025 18:29:12 Asia/Shanghai] 普通免费剩余: 10
[12-Apr-2025 18:29:12 Asia/Shanghai] VIP专属剩余: 5
[12-Apr-2025 18:29:12 Asia/Shanghai] VIP用户 4 的免费次数使用情况：
[12-Apr-2025 18:29:12 Asia/Shanghai] 已使用次数: 0
[12-Apr-2025 18:29:12 Asia/Shanghai] 普通免费剩余: 10
[12-Apr-2025 18:29:12 Asia/Shanghai] VIP专属剩余: 5
[12-Apr-2025 18:29:12 Asia/Shanghai] VIP用户 4 的免费次数使用情况：
[12-Apr-2025 18:29:12 Asia/Shanghai] 已使用次数: 0
[12-Apr-2025 18:29:12 Asia/Shanghai] 普通免费剩余: 10
[12-Apr-2025 18:29:12 Asia/Shanghai] VIP专属剩余: 5
[12-Apr-2025 18:29:12 Asia/Shanghai] VIP用户 4 的免费次数使用情况：
[12-Apr-2025 18:29:12 Asia/Shanghai] 已使用次数: 0
[12-Apr-2025 18:29:12 Asia/Shanghai] 普通免费剩余: 10
[12-Apr-2025 18:29:12 Asia/Shanghai] VIP专属剩余: 5
[12-Apr-2025 18:29:12 Asia/Shanghai] VIP用户 4 的免费次数使用情况：
[12-Apr-2025 18:29:12 Asia/Shanghai] 已使用次数: 0
[12-Apr-2025 18:29:12 Asia/Shanghai] 普通免费剩余: 10
[12-Apr-2025 18:29:12 Asia/Shanghai] VIP专属剩余: 5
[12-Apr-2025 18:29:13 Asia/Shanghai] VIP用户 4 的免费次数使用情况：
[12-Apr-2025 18:29:13 Asia/Shanghai] 已使用次数: 0
[12-Apr-2025 18:29:13 Asia/Shanghai] 普通免费剩余: 10
[12-Apr-2025 18:29:13 Asia/Shanghai] VIP专属剩余: 5
[12-Apr-2025 18:29:14 Asia/Shanghai] VIP用户 4 的免费次数使用情况：
[12-Apr-2025 18:29:14 Asia/Shanghai] 已使用次数: 0
[12-Apr-2025 18:29:14 Asia/Shanghai] 普通免费剩余: 10
[12-Apr-2025 18:29:14 Asia/Shanghai] VIP专属剩余: 5
[12-Apr-2025 18:29:15 Asia/Shanghai] VIP用户 4 的免费次数使用情况：
[12-Apr-2025 18:29:15 Asia/Shanghai] 已使用次数: 0
[12-Apr-2025 18:29:15 Asia/Shanghai] 普通免费剩余: 10
[12-Apr-2025 18:29:15 Asia/Shanghai] VIP专属剩余: 5
[12-Apr-2025 19:23:17 Asia/Shanghai] VIP用户 4 的免费次数使用情况：
[12-Apr-2025 19:23:17 Asia/Shanghai] 已使用次数: 0
[12-Apr-2025 19:23:17 Asia/Shanghai] 普通免费剩余: 10
[12-Apr-2025 19:23:17 Asia/Shanghai] VIP专属剩余: 5
[12-Apr-2025 19:23:51 Asia/Shanghai] VIP用户 4 的免费次数使用情况：
[12-Apr-2025 19:23:51 Asia/Shanghai] 已使用次数: 0
[12-Apr-2025 19:23:51 Asia/Shanghai] 普通免费剩余: 10
[12-Apr-2025 19:23:51 Asia/Shanghai] VIP专属剩余: 5
[12-Apr-2025 19:23:52 Asia/Shanghai] VIP用户 4 的免费次数使用情况：
[12-Apr-2025 19:23:52 Asia/Shanghai] 已使用次数: 0
[12-Apr-2025 19:23:52 Asia/Shanghai] 普通免费剩余: 10
[12-Apr-2025 19:23:52 Asia/Shanghai] VIP专属剩余: 5
[12-Apr-2025 19:23:53 Asia/Shanghai] VIP用户 4 的免费次数使用情况：
[12-Apr-2025 19:23:53 Asia/Shanghai] 已使用次数: 0
[12-Apr-2025 19:23:53 Asia/Shanghai] 普通免费剩余: 10
[12-Apr-2025 19:23:53 Asia/Shanghai] VIP专属剩余: 5
[12-Apr-2025 19:24:18 Asia/Shanghai] VIP用户 4 的免费次数使用情况：
[12-Apr-2025 19:24:18 Asia/Shanghai] 已使用次数: 0
[12-Apr-2025 19:24:18 Asia/Shanghai] 普通免费剩余: 10
[12-Apr-2025 19:24:18 Asia/Shanghai] VIP专属剩余: 5
[12-Apr-2025 19:24:20 Asia/Shanghai] VIP用户 4 的免费次数使用情况：
[12-Apr-2025 19:24:20 Asia/Shanghai] 已使用次数: 0
[12-Apr-2025 19:24:20 Asia/Shanghai] 普通免费剩余: 10
[12-Apr-2025 19:24:20 Asia/Shanghai] VIP专属剩余: 5
[12-Apr-2025 19:24:21 Asia/Shanghai] VIP用户 4 的免费次数使用情况：
[12-Apr-2025 19:24:21 Asia/Shanghai] 已使用次数: 0
[12-Apr-2025 19:24:21 Asia/Shanghai] 普通免费剩余: 10
[12-Apr-2025 19:24:21 Asia/Shanghai] VIP专属剩余: 5
[12-Apr-2025 19:24:21 Asia/Shanghai] VIP用户 4 的免费次数使用情况：
[12-Apr-2025 19:24:21 Asia/Shanghai] 已使用次数: 0
[12-Apr-2025 19:24:21 Asia/Shanghai] 普通免费剩余: 10
[12-Apr-2025 19:24:21 Asia/Shanghai] VIP专属剩余: 5
[12-Apr-2025 19:24:21 Asia/Shanghai] VIP用户 4 的免费次数使用情况：
[12-Apr-2025 19:24:21 Asia/Shanghai] 已使用次数: 0
[12-Apr-2025 19:24:21 Asia/Shanghai] 普通免费剩余: 10
[12-Apr-2025 19:24:21 Asia/Shanghai] VIP专属剩余: 5
[12-Apr-2025 19:24:21 Asia/Shanghai] VIP用户 4 的免费次数使用情况：
[12-Apr-2025 19:24:21 Asia/Shanghai] 已使用次数: 0
[12-Apr-2025 19:24:21 Asia/Shanghai] 普通免费剩余: 10
[12-Apr-2025 19:24:21 Asia/Shanghai] VIP专属剩余: 5
[12-Apr-2025 19:24:22 Asia/Shanghai] VIP用户 4 的免费次数使用情况：
[12-Apr-2025 19:24:22 Asia/Shanghai] 已使用次数: 0
[12-Apr-2025 19:24:22 Asia/Shanghai] 普通免费剩余: 10
[12-Apr-2025 19:24:22 Asia/Shanghai] VIP专属剩余: 5
[12-Apr-2025 19:24:22 Asia/Shanghai] VIP用户 4 的免费次数使用情况：
[12-Apr-2025 19:24:22 Asia/Shanghai] 已使用次数: 0
[12-Apr-2025 19:24:22 Asia/Shanghai] 普通免费剩余: 10
[12-Apr-2025 19:24:22 Asia/Shanghai] VIP专属剩余: 5
[12-Apr-2025 19:24:22 Asia/Shanghai] VIP用户 4 的免费次数使用情况：
[12-Apr-2025 19:24:22 Asia/Shanghai] 已使用次数: 0
[12-Apr-2025 19:24:22 Asia/Shanghai] 普通免费剩余: 10
[12-Apr-2025 19:24:22 Asia/Shanghai] VIP专属剩余: 5
[12-Apr-2025 19:24:22 Asia/Shanghai] VIP用户 4 的免费次数使用情况：
[12-Apr-2025 19:24:22 Asia/Shanghai] 已使用次数: 0
[12-Apr-2025 19:24:22 Asia/Shanghai] 普通免费剩余: 10
[12-Apr-2025 19:24:22 Asia/Shanghai] VIP专属剩余: 5
[12-Apr-2025 19:24:23 Asia/Shanghai] VIP用户 4 的免费次数使用情况：
[12-Apr-2025 19:24:23 Asia/Shanghai] 已使用次数: 0
[12-Apr-2025 19:24:23 Asia/Shanghai] 普通免费剩余: 10
[12-Apr-2025 19:24:23 Asia/Shanghai] VIP专属剩余: 5
[12-Apr-2025 19:24:24 Asia/Shanghai] VIP用户 4 的免费次数使用情况：
[12-Apr-2025 19:24:24 Asia/Shanghai] 已使用次数: 0
[12-Apr-2025 19:24:24 Asia/Shanghai] 普通免费剩余: 10
[12-Apr-2025 19:24:24 Asia/Shanghai] VIP专属剩余: 5
[12-Apr-2025 19:24:28 Asia/Shanghai] VIP用户 4 的免费次数使用情况：
[12-Apr-2025 19:24:28 Asia/Shanghai] 已使用次数: 0
[12-Apr-2025 19:24:28 Asia/Shanghai] 普通免费剩余: 10
[12-Apr-2025 19:24:28 Asia/Shanghai] VIP专属剩余: 5
[12-Apr-2025 19:31:41 Asia/Shanghai] VIP用户 4 的免费次数使用情况：
[12-Apr-2025 19:31:41 Asia/Shanghai] 已使用次数: 0
[12-Apr-2025 19:31:41 Asia/Shanghai] 普通免费剩余: 10
[12-Apr-2025 19:31:41 Asia/Shanghai] VIP专属剩余: 5
[12-Apr-2025 19:50:22 Asia/Shanghai] VIP用户 4 的免费次数使用情况：
[12-Apr-2025 19:50:22 Asia/Shanghai] 已使用次数: 0
[12-Apr-2025 19:50:22 Asia/Shanghai] 普通免费剩余: 10
[12-Apr-2025 19:50:22 Asia/Shanghai] VIP专属剩余: 5
[20-Apr-2025 21:24:38 Asia/Shanghai] 记录登录日志失败: 执行记录登录日志查询失败: Cannot add or update a child row: a foreign key constraint fails (`driftbottle`.`admin_login_logs`, CONSTRAINT `admin_login_logs_ibfk_1` FOREIGN KEY (`admin_id`) REFERENCES `admins` (`id`) ON DELETE CASCADE)
[20-Apr-2025 21:24:42 Asia/Shanghai] 记录登录日志失败: 执行记录登录日志查询失败: Cannot add or update a child row: a foreign key constraint fails (`driftbottle`.`admin_login_logs`, CONSTRAINT `admin_login_logs_ibfk_1` FOREIGN KEY (`admin_id`) REFERENCES `admins` (`id`) ON DELETE CASCADE)
[20-Apr-2025 21:25:51 Asia/Shanghai] VIP用户 4 的免费次数使用情况：
[20-Apr-2025 21:25:51 Asia/Shanghai] 已使用次数: 0
[20-Apr-2025 21:25:51 Asia/Shanghai] 普通免费剩余: 10
[20-Apr-2025 21:25:51 Asia/Shanghai] VIP专属剩余: 5
[20-Apr-2025 21:25:51 Asia/Shanghai] VIP用户 4 的免费次数使用情况：
[20-Apr-2025 21:25:51 Asia/Shanghai] 已使用次数: 0
[20-Apr-2025 21:25:51 Asia/Shanghai] 普通免费剩余: 10
[20-Apr-2025 21:25:51 Asia/Shanghai] VIP专属剩余: 5
[20-Apr-2025 21:25:55 Asia/Shanghai] ------- 签到请求开始 -------
[20-Apr-2025 21:25:55 Asia/Shanghai] 用户ID: 4
[20-Apr-2025 21:25:55 Asia/Shanghai] 请求时间: 2025-04-20 21:25:55
[20-Apr-2025 21:25:55 Asia/Shanghai] 客户端IP: 127.0.0.1
[20-Apr-2025 21:25:55 Asia/Shanghai] 用户代理: Mozilla/5.0 (Windows NT 10.0; Win64; x64; rv:137.0) Gecko/20100101 Firefox/137.0
[20-Apr-2025 21:25:55 Asia/Shanghai] 调用userCheckin函数...
[20-Apr-2025 21:25:55 Asia/Shanghai] 开始执行userCheckin函数，用户ID: 4
[20-Apr-2025 21:25:55 Asia/Shanghai] 准备开始事务处理
[20-Apr-2025 21:25:55 Asia/Shanghai] 事务开始成功
[20-Apr-2025 21:25:55 Asia/Shanghai] 检查用户是否今日已签到
[20-Apr-2025 21:25:55 Asia/Shanghai] 获取昨天的签到记录
[20-Apr-2025 21:25:55 Asia/Shanghai] 检查用户VIP状态
[20-Apr-2025 21:25:55 Asia/Shanghai] 用户是VIP，额外奖励20积分
[20-Apr-2025 21:25:55 Asia/Shanghai] 插入今天的签到记录
[20-Apr-2025 21:25:55 Asia/Shanghai] 签到记录插入成功，开始更新用户积分
[20-Apr-2025 21:25:55 Asia/Shanghai] 记录积分历史
[20-Apr-2025 21:25:55 Asia/Shanghai] 会话中的积分已更新: 43
[20-Apr-2025 21:25:55 Asia/Shanghai] 所有操作完成，准备提交事务
[20-Apr-2025 21:25:55 Asia/Shanghai] 事务提交成功
[20-Apr-2025 21:25:55 Asia/Shanghai] 签到成功，返回结果
[20-Apr-2025 21:25:55 Asia/Shanghai] userCheckin函数调用完成，结果: 成功
[20-Apr-2025 21:25:55 Asia/Shanghai] 响应内容: {"success":true,"consecutive_days":1,"points_earned":30,"is_weekly_bonus":false,"is_vip":true,"vip_bonus_points":20}
[20-Apr-2025 21:25:55 Asia/Shanghai] ------- 签到请求结束 -------
[20-Apr-2025 22:42:01 Asia/Shanghai] VIP用户 4 的免费次数使用情况：
[20-Apr-2025 22:42:01 Asia/Shanghai] 已使用次数: 0
[20-Apr-2025 22:42:01 Asia/Shanghai] 普通免费剩余: 10
[20-Apr-2025 22:42:01 Asia/Shanghai] VIP专属剩余: 5
[20-Apr-2025 23:05:45 Asia/Shanghai] VIP用户 5 的免费次数使用情况：
[20-Apr-2025 23:05:45 Asia/Shanghai] 已使用次数: 0
[20-Apr-2025 23:05:45 Asia/Shanghai] 普通免费剩余: 10
[20-Apr-2025 23:05:45 Asia/Shanghai] VIP专属剩余: 5
[20-Apr-2025 23:05:46 Asia/Shanghai] VIP用户 5 的免费次数使用情况：
[20-Apr-2025 23:05:46 Asia/Shanghai] 已使用次数: 0
[20-Apr-2025 23:05:46 Asia/Shanghai] 普通免费剩余: 10
[20-Apr-2025 23:05:46 Asia/Shanghai] VIP专属剩余: 5
[20-Apr-2025 23:05:47 Asia/Shanghai] VIP用户 5 的免费次数使用情况：
[20-Apr-2025 23:05:47 Asia/Shanghai] 已使用次数: 0
[20-Apr-2025 23:05:47 Asia/Shanghai] 普通免费剩余: 10
[20-Apr-2025 23:05:47 Asia/Shanghai] VIP专属剩余: 5
[20-Apr-2025 23:05:47 Asia/Shanghai] VIP用户 5 的免费次数使用情况：
[20-Apr-2025 23:05:47 Asia/Shanghai] 已使用次数: 0
[20-Apr-2025 23:05:47 Asia/Shanghai] 普通免费剩余: 10
[20-Apr-2025 23:05:47 Asia/Shanghai] VIP专属剩余: 5
[20-Apr-2025 23:05:47 Asia/Shanghai] VIP用户 5 的免费次数使用情况：
[20-Apr-2025 23:05:47 Asia/Shanghai] 已使用次数: 0
[20-Apr-2025 23:05:47 Asia/Shanghai] 普通免费剩余: 10
[20-Apr-2025 23:05:47 Asia/Shanghai] VIP专属剩余: 5
[20-Apr-2025 23:05:47 Asia/Shanghai] VIP用户 5 的免费次数使用情况：
[20-Apr-2025 23:05:47 Asia/Shanghai] 已使用次数: 0
[20-Apr-2025 23:05:47 Asia/Shanghai] 普通免费剩余: 10
[20-Apr-2025 23:05:47 Asia/Shanghai] VIP专属剩余: 5
[20-Apr-2025 23:05:55 Asia/Shanghai] VIP用户 5 的免费次数使用情况：
[20-Apr-2025 23:05:55 Asia/Shanghai] 已使用次数: 0
[20-Apr-2025 23:05:55 Asia/Shanghai] 普通免费剩余: 10
[20-Apr-2025 23:05:55 Asia/Shanghai] VIP专属剩余: 5
[20-Apr-2025 23:05:57 Asia/Shanghai] ------- 签到请求开始 -------
[20-Apr-2025 23:05:57 Asia/Shanghai] 用户ID: 5
[20-Apr-2025 23:05:57 Asia/Shanghai] 请求时间: 2025-04-20 23:05:57
[20-Apr-2025 23:05:57 Asia/Shanghai] 客户端IP: 127.0.0.1
[20-Apr-2025 23:05:57 Asia/Shanghai] 用户代理: Mozilla/5.0 (Windows NT 10.0; Win64; x64; rv:137.0) Gecko/20100101 Firefox/137.0
[20-Apr-2025 23:05:57 Asia/Shanghai] 调用userCheckin函数...
[20-Apr-2025 23:05:57 Asia/Shanghai] 开始执行userCheckin函数，用户ID: 5
[20-Apr-2025 23:05:57 Asia/Shanghai] 准备开始事务处理
[20-Apr-2025 23:05:57 Asia/Shanghai] 事务开始成功
[20-Apr-2025 23:05:57 Asia/Shanghai] 检查用户是否今日已签到
[20-Apr-2025 23:05:57 Asia/Shanghai] 获取昨天的签到记录
[20-Apr-2025 23:05:57 Asia/Shanghai] 检查用户VIP状态
[20-Apr-2025 23:05:57 Asia/Shanghai] 用户是VIP，额外奖励20积分
[20-Apr-2025 23:05:57 Asia/Shanghai] 插入今天的签到记录
[20-Apr-2025 23:05:57 Asia/Shanghai] 签到记录插入成功，开始更新用户积分
[20-Apr-2025 23:05:57 Asia/Shanghai] 记录积分历史
[20-Apr-2025 23:05:57 Asia/Shanghai] 会话中的积分已更新: 38
[20-Apr-2025 23:05:57 Asia/Shanghai] 所有操作完成，准备提交事务
[20-Apr-2025 23:05:57 Asia/Shanghai] 事务提交成功
[20-Apr-2025 23:05:57 Asia/Shanghai] 签到成功，返回结果
[20-Apr-2025 23:05:57 Asia/Shanghai] userCheckin函数调用完成，结果: 成功
[20-Apr-2025 23:05:57 Asia/Shanghai] 响应内容: {"success":true,"consecutive_days":1,"points_earned":30,"is_weekly_bonus":false,"is_vip":true,"vip_bonus_points":20}
[20-Apr-2025 23:05:57 Asia/Shanghai] ------- 签到请求结束 -------
[20-Apr-2025 23:05:59 Asia/Shanghai] VIP用户 5 的免费次数使用情况：
[20-Apr-2025 23:05:59 Asia/Shanghai] 已使用次数: 0
[20-Apr-2025 23:05:59 Asia/Shanghai] 普通免费剩余: 10
[20-Apr-2025 23:05:59 Asia/Shanghai] VIP专属剩余: 5
[20-Apr-2025 23:05:59 Asia/Shanghai] VIP用户 5 的免费次数使用情况：
[20-Apr-2025 23:05:59 Asia/Shanghai] 已使用次数: 0
[20-Apr-2025 23:05:59 Asia/Shanghai] 普通免费剩余: 10
[20-Apr-2025 23:05:59 Asia/Shanghai] VIP专属剩余: 5
[20-Apr-2025 23:05:59 Asia/Shanghai] VIP用户 5 的免费次数使用情况：
[20-Apr-2025 23:05:59 Asia/Shanghai] 已使用次数: 0
[20-Apr-2025 23:05:59 Asia/Shanghai] 普通免费剩余: 10
[20-Apr-2025 23:05:59 Asia/Shanghai] VIP专属剩余: 5
[20-Apr-2025 23:05:59 Asia/Shanghai] VIP用户 5 的免费次数使用情况：
[20-Apr-2025 23:05:59 Asia/Shanghai] 已使用次数: 0
[20-Apr-2025 23:05:59 Asia/Shanghai] 普通免费剩余: 10
[20-Apr-2025 23:05:59 Asia/Shanghai] VIP专属剩余: 5
[20-Apr-2025 23:05:59 Asia/Shanghai] VIP用户 5 的免费次数使用情况：
[20-Apr-2025 23:05:59 Asia/Shanghai] 已使用次数: 0
[20-Apr-2025 23:05:59 Asia/Shanghai] 普通免费剩余: 10
[20-Apr-2025 23:05:59 Asia/Shanghai] VIP专属剩余: 5
[20-Apr-2025 23:05:59 Asia/Shanghai] VIP用户 5 的免费次数使用情况：
[20-Apr-2025 23:05:59 Asia/Shanghai] 已使用次数: 0
[20-Apr-2025 23:05:59 Asia/Shanghai] 普通免费剩余: 10
[20-Apr-2025 23:05:59 Asia/Shanghai] VIP专属剩余: 5
[20-Apr-2025 23:05:59 Asia/Shanghai] VIP用户 5 的免费次数使用情况：
[20-Apr-2025 23:05:59 Asia/Shanghai] 已使用次数: 0
[20-Apr-2025 23:05:59 Asia/Shanghai] 普通免费剩余: 10
[20-Apr-2025 23:05:59 Asia/Shanghai] VIP专属剩余: 5
[20-Apr-2025 23:05:59 Asia/Shanghai] VIP用户 5 的免费次数使用情况：
[20-Apr-2025 23:05:59 Asia/Shanghai] 已使用次数: 0
[20-Apr-2025 23:05:59 Asia/Shanghai] 普通免费剩余: 10
[20-Apr-2025 23:05:59 Asia/Shanghai] VIP专属剩余: 5
[20-Apr-2025 23:06:00 Asia/Shanghai] VIP用户 5 的免费次数使用情况：
[20-Apr-2025 23:06:00 Asia/Shanghai] 已使用次数: 0
[20-Apr-2025 23:06:00 Asia/Shanghai] 普通免费剩余: 10
[20-Apr-2025 23:06:00 Asia/Shanghai] VIP专属剩余: 5
[20-Apr-2025 23:06:00 Asia/Shanghai] VIP用户 5 的免费次数使用情况：
[20-Apr-2025 23:06:00 Asia/Shanghai] 已使用次数: 0
[20-Apr-2025 23:06:00 Asia/Shanghai] 普通免费剩余: 10
[20-Apr-2025 23:06:00 Asia/Shanghai] VIP专属剩余: 5
[21-Apr-2025 09:53:12 Asia/Shanghai] VIP用户 5 的免费次数使用情况：
[21-Apr-2025 09:53:12 Asia/Shanghai] 已使用次数: 0
[21-Apr-2025 09:53:12 Asia/Shanghai] 普通免费剩余: 10
[21-Apr-2025 09:53:12 Asia/Shanghai] VIP专属剩余: 5
[21-Apr-2025 09:53:15 Asia/Shanghai] VIP用户 5 的免费次数使用情况：
[21-Apr-2025 09:53:15 Asia/Shanghai] 已使用次数: 0
[21-Apr-2025 09:53:15 Asia/Shanghai] 普通免费剩余: 10
[21-Apr-2025 09:53:15 Asia/Shanghai] VIP专属剩余: 5
[21-Apr-2025 09:53:25 Asia/Shanghai] ------- 签到请求开始 -------
[21-Apr-2025 09:53:25 Asia/Shanghai] 用户ID: 5
[21-Apr-2025 09:53:25 Asia/Shanghai] 请求时间: 2025-04-21 09:53:25
[21-Apr-2025 09:53:25 Asia/Shanghai] 客户端IP: 127.0.0.1
[21-Apr-2025 09:53:25 Asia/Shanghai] 用户代理: Mozilla/5.0 (Windows NT 10.0; Win64; x64) AppleWebKit/537.36 (KHTML, like Gecko) Chrome/135.0.0.0 Safari/537.36
[21-Apr-2025 09:53:25 Asia/Shanghai] 调用userCheckin函数...
[21-Apr-2025 09:53:25 Asia/Shanghai] 开始执行userCheckin函数，用户ID: 5
[21-Apr-2025 09:53:25 Asia/Shanghai] 准备开始事务处理
[21-Apr-2025 09:53:25 Asia/Shanghai] 事务开始成功
[21-Apr-2025 09:53:25 Asia/Shanghai] 检查用户是否今日已签到
[21-Apr-2025 09:53:25 Asia/Shanghai] 获取昨天的签到记录
[21-Apr-2025 09:53:25 Asia/Shanghai] 用户连续签到天数: 2
[21-Apr-2025 09:53:25 Asia/Shanghai] 检查用户VIP状态
[21-Apr-2025 09:53:25 Asia/Shanghai] 用户是VIP，额外奖励200积分
[21-Apr-2025 09:53:25 Asia/Shanghai] 插入今天的签到记录
[21-Apr-2025 09:53:25 Asia/Shanghai] 签到记录插入成功，开始更新用户积分
[21-Apr-2025 09:53:25 Asia/Shanghai] 记录积分历史
[21-Apr-2025 09:53:25 Asia/Shanghai] 会话中的积分已更新: 338
[21-Apr-2025 09:53:25 Asia/Shanghai] 所有操作完成，准备提交事务
[21-Apr-2025 09:53:25 Asia/Shanghai] 事务提交成功
[21-Apr-2025 09:53:25 Asia/Shanghai] 签到成功，返回结果
[21-Apr-2025 09:53:25 Asia/Shanghai] userCheckin函数调用完成，结果: 成功
[21-Apr-2025 09:53:25 Asia/Shanghai] 响应内容: {"success":true,"consecutive_days":2,"points_earned":300,"is_weekly_bonus":false,"is_vip":true,"vip_bonus_points":200}
[21-Apr-2025 09:53:25 Asia/Shanghai] ------- 签到请求结束 -------
[21-Apr-2025 09:53:35 Asia/Shanghai] PHP Notice:  Undefined index: vip_expire_date in E:\phpstudy_pro\Driftbottle\Driftbottle\api.php on line 513
[21-Apr-2025 09:53:35 Asia/Shanghai] PHP Notice:  Undefined index: points in E:\phpstudy_pro\Driftbottle\Driftbottle\api.php on line 514
[21-Apr-2025 09:53:35 Asia/Shanghai] PHP Notice:  Undefined index: vip_expire_date in E:\phpstudy_pro\Driftbottle\Driftbottle\api.php on line 519
[21-Apr-2025 09:53:38 Asia/Shanghai] VIP用户 5 的免费次数使用情况：
[21-Apr-2025 09:53:38 Asia/Shanghai] 已使用次数: 0
[21-Apr-2025 09:53:38 Asia/Shanghai] 普通免费剩余: 10
[21-Apr-2025 09:53:38 Asia/Shanghai] VIP专属剩余: 5
[21-Apr-2025 09:53:40 Asia/Shanghai] PHP Notice:  Undefined index: vip_expire_date in E:\phpstudy_pro\Driftbottle\Driftbottle\api.php on line 513
[21-Apr-2025 09:53:40 Asia/Shanghai] PHP Notice:  Undefined index: points in E:\phpstudy_pro\Driftbottle\Driftbottle\api.php on line 514
[21-Apr-2025 09:53:40 Asia/Shanghai] PHP Notice:  Undefined index: vip_expire_date in E:\phpstudy_pro\Driftbottle\Driftbottle\api.php on line 519
[21-Apr-2025 09:53:42 Asia/Shanghai] VIP用户 5 的免费次数使用情况：
[21-Apr-2025 09:53:42 Asia/Shanghai] 已使用次数: 0
[21-Apr-2025 09:53:42 Asia/Shanghai] 普通免费剩余: 10
[21-Apr-2025 09:53:42 Asia/Shanghai] VIP专属剩余: 5
[21-Apr-2025 09:53:51 Asia/Shanghai] PHP Notice:  Undefined index: vip_expire_date in E:\phpstudy_pro\Driftbottle\Driftbottle\api.php on line 513
[21-Apr-2025 09:53:51 Asia/Shanghai] PHP Notice:  Undefined index: points in E:\phpstudy_pro\Driftbottle\Driftbottle\api.php on line 514
[21-Apr-2025 09:53:51 Asia/Shanghai] PHP Notice:  Undefined index: vip_expire_date in E:\phpstudy_pro\Driftbottle\Driftbottle\api.php on line 519
[21-Apr-2025 09:54:32 Asia/Shanghai] VIP用户 5 的免费次数使用情况：
[21-Apr-2025 09:54:32 Asia/Shanghai] 已使用次数: 0
[21-Apr-2025 09:54:32 Asia/Shanghai] 普通免费剩余: 10
[21-Apr-2025 09:54:32 Asia/Shanghai] VIP专属剩余: 5
[21-Apr-2025 09:54:32 Asia/Shanghai] VIP用户 5 的免费次数使用情况：
[21-Apr-2025 09:54:32 Asia/Shanghai] 已使用次数: 0
[21-Apr-2025 09:54:32 Asia/Shanghai] 普通免费剩余: 10
[21-Apr-2025 09:54:32 Asia/Shanghai] VIP专属剩余: 5
[21-Apr-2025 09:54:32 Asia/Shanghai] VIP用户 5 的免费次数使用情况：
[21-Apr-2025 09:54:32 Asia/Shanghai] 已使用次数: 0
[21-Apr-2025 09:54:32 Asia/Shanghai] 普通免费剩余: 10
[21-Apr-2025 09:54:32 Asia/Shanghai] VIP专属剩余: 5
[21-Apr-2025 09:54:33 Asia/Shanghai] VIP用户 5 的免费次数使用情况：
[21-Apr-2025 09:54:33 Asia/Shanghai] 已使用次数: 0
[21-Apr-2025 09:54:33 Asia/Shanghai] 普通免费剩余: 10
[21-Apr-2025 09:54:33 Asia/Shanghai] VIP专属剩余: 5
[21-Apr-2025 09:54:51 Asia/Shanghai] VIP用户 5 的免费次数使用情况：
[21-Apr-2025 09:54:51 Asia/Shanghai] 已使用次数: 0
[21-Apr-2025 09:54:51 Asia/Shanghai] 普通免费剩余: 5
[21-Apr-2025 09:54:51 Asia/Shanghai] VIP专属剩余: 5
[21-Apr-2025 09:54:51 Asia/Shanghai] VIP用户 5 的免费次数使用情况：
[21-Apr-2025 09:54:51 Asia/Shanghai] 已使用次数: 0
[21-Apr-2025 09:54:51 Asia/Shanghai] 普通免费剩余: 5
[21-Apr-2025 09:54:51 Asia/Shanghai] VIP专属剩余: 5
[21-Apr-2025 09:54:51 Asia/Shanghai] VIP用户 5 的免费次数使用情况：
[21-Apr-2025 09:54:51 Asia/Shanghai] 已使用次数: 0
[21-Apr-2025 09:54:51 Asia/Shanghai] 普通免费剩余: 5
[21-Apr-2025 09:54:51 Asia/Shanghai] VIP专属剩余: 5
[21-Apr-2025 09:54:51 Asia/Shanghai] VIP用户 5 的免费次数使用情况：
[21-Apr-2025 09:54:51 Asia/Shanghai] 已使用次数: 0
[21-Apr-2025 09:54:51 Asia/Shanghai] 普通免费剩余: 5
[21-Apr-2025 09:54:51 Asia/Shanghai] VIP专属剩余: 5
[21-Apr-2025 09:54:58 Asia/Shanghai] VIP用户 5 的免费次数使用情况：
[21-Apr-2025 09:54:58 Asia/Shanghai] 已使用次数: 0
[21-Apr-2025 09:54:58 Asia/Shanghai] 普通免费剩余: 5
[21-Apr-2025 09:54:58 Asia/Shanghai] VIP专属剩余: 5
[21-Apr-2025 09:54:58 Asia/Shanghai] VIP用户 5 的免费次数使用情况：
[21-Apr-2025 09:54:58 Asia/Shanghai] 已使用次数: 0
[21-Apr-2025 09:54:58 Asia/Shanghai] 普通免费剩余: 5
[21-Apr-2025 09:54:58 Asia/Shanghai] VIP专属剩余: 5
[21-Apr-2025 09:54:58 Asia/Shanghai] VIP用户 5 的免费次数使用情况：
[21-Apr-2025 09:54:58 Asia/Shanghai] 已使用次数: 0
[21-Apr-2025 09:54:58 Asia/Shanghai] 普通免费剩余: 5
[21-Apr-2025 09:54:58 Asia/Shanghai] VIP专属剩余: 5
[21-Apr-2025 09:54:58 Asia/Shanghai] VIP用户 5 的免费次数使用情况：
[21-Apr-2025 09:54:58 Asia/Shanghai] 已使用次数: 1
[21-Apr-2025 09:54:58 Asia/Shanghai] 普通免费剩余: 4
[21-Apr-2025 09:54:58 Asia/Shanghai] VIP专属剩余: 5
[21-Apr-2025 09:55:01 Asia/Shanghai] VIP用户 5 的免费次数使用情况：
[21-Apr-2025 09:55:01 Asia/Shanghai] 已使用次数: 1
[21-Apr-2025 09:55:01 Asia/Shanghai] 普通免费剩余: 4
[21-Apr-2025 09:55:01 Asia/Shanghai] VIP专属剩余: 5
[21-Apr-2025 09:55:01 Asia/Shanghai] VIP用户 5 的免费次数使用情况：
[21-Apr-2025 09:55:01 Asia/Shanghai] 已使用次数: 1
[21-Apr-2025 09:55:01 Asia/Shanghai] 普通免费剩余: 4
[21-Apr-2025 09:55:01 Asia/Shanghai] VIP专属剩余: 5
[21-Apr-2025 09:55:01 Asia/Shanghai] VIP用户 5 的免费次数使用情况：
[21-Apr-2025 09:55:01 Asia/Shanghai] 已使用次数: 1
[21-Apr-2025 09:55:01 Asia/Shanghai] 普通免费剩余: 4
[21-Apr-2025 09:55:01 Asia/Shanghai] VIP专属剩余: 5
[21-Apr-2025 09:55:01 Asia/Shanghai] VIP用户 5 的免费次数使用情况：
[21-Apr-2025 09:55:01 Asia/Shanghai] 已使用次数: 2
[21-Apr-2025 09:55:01 Asia/Shanghai] 普通免费剩余: 3
[21-Apr-2025 09:55:01 Asia/Shanghai] VIP专属剩余: 5
[21-Apr-2025 09:55:04 Asia/Shanghai] VIP用户 5 的免费次数使用情况：
[21-Apr-2025 09:55:04 Asia/Shanghai] 已使用次数: 2
[21-Apr-2025 09:55:04 Asia/Shanghai] 普通免费剩余: 3
[21-Apr-2025 09:55:04 Asia/Shanghai] VIP专属剩余: 5
[21-Apr-2025 09:55:04 Asia/Shanghai] VIP用户 5 的免费次数使用情况：
[21-Apr-2025 09:55:04 Asia/Shanghai] 已使用次数: 2
[21-Apr-2025 09:55:04 Asia/Shanghai] 普通免费剩余: 3
[21-Apr-2025 09:55:04 Asia/Shanghai] VIP专属剩余: 5
[21-Apr-2025 09:55:04 Asia/Shanghai] VIP用户 5 的免费次数使用情况：
[21-Apr-2025 09:55:04 Asia/Shanghai] 已使用次数: 2
[21-Apr-2025 09:55:04 Asia/Shanghai] 普通免费剩余: 3
[21-Apr-2025 09:55:04 Asia/Shanghai] VIP专属剩余: 5
[21-Apr-2025 09:55:04 Asia/Shanghai] VIP用户 5 的免费次数使用情况：
[21-Apr-2025 09:55:04 Asia/Shanghai] 已使用次数: 3
[21-Apr-2025 09:55:04 Asia/Shanghai] 普通免费剩余: 2
[21-Apr-2025 09:55:04 Asia/Shanghai] VIP专属剩余: 5
[21-Apr-2025 09:55:07 Asia/Shanghai] VIP用户 5 的免费次数使用情况：
[21-Apr-2025 09:55:07 Asia/Shanghai] 已使用次数: 3
[21-Apr-2025 09:55:07 Asia/Shanghai] 普通免费剩余: 2
[21-Apr-2025 09:55:07 Asia/Shanghai] VIP专属剩余: 5
[21-Apr-2025 09:55:07 Asia/Shanghai] VIP用户 5 的免费次数使用情况：
[21-Apr-2025 09:55:07 Asia/Shanghai] 已使用次数: 3
[21-Apr-2025 09:55:07 Asia/Shanghai] 普通免费剩余: 2
[21-Apr-2025 09:55:07 Asia/Shanghai] VIP专属剩余: 5
[21-Apr-2025 09:55:07 Asia/Shanghai] VIP用户 5 的免费次数使用情况：
[21-Apr-2025 09:55:07 Asia/Shanghai] 已使用次数: 3
[21-Apr-2025 09:55:07 Asia/Shanghai] 普通免费剩余: 2
[21-Apr-2025 09:55:07 Asia/Shanghai] VIP专属剩余: 5
[21-Apr-2025 09:55:07 Asia/Shanghai] VIP用户 5 的免费次数使用情况：
[21-Apr-2025 09:55:07 Asia/Shanghai] 已使用次数: 4
[21-Apr-2025 09:55:07 Asia/Shanghai] 普通免费剩余: 1
[21-Apr-2025 09:55:07 Asia/Shanghai] VIP专属剩余: 5
[21-Apr-2025 09:55:09 Asia/Shanghai] VIP用户 5 的免费次数使用情况：
[21-Apr-2025 09:55:09 Asia/Shanghai] 已使用次数: 4
[21-Apr-2025 09:55:09 Asia/Shanghai] 普通免费剩余: 1
[21-Apr-2025 09:55:09 Asia/Shanghai] VIP专属剩余: 5
[21-Apr-2025 09:55:09 Asia/Shanghai] VIP用户 5 的免费次数使用情况：
[21-Apr-2025 09:55:09 Asia/Shanghai] 已使用次数: 4
[21-Apr-2025 09:55:09 Asia/Shanghai] 普通免费剩余: 1
[21-Apr-2025 09:55:09 Asia/Shanghai] VIP专属剩余: 5
[21-Apr-2025 09:55:09 Asia/Shanghai] VIP用户 5 的免费次数使用情况：
[21-Apr-2025 09:55:09 Asia/Shanghai] 已使用次数: 4
[21-Apr-2025 09:55:09 Asia/Shanghai] 普通免费剩余: 1
[21-Apr-2025 09:55:09 Asia/Shanghai] VIP专属剩余: 5
[21-Apr-2025 09:55:09 Asia/Shanghai] VIP用户 5 的免费次数使用情况：
[21-Apr-2025 09:55:09 Asia/Shanghai] 已使用次数: 5
[21-Apr-2025 09:55:09 Asia/Shanghai] 普通免费剩余: 0
[21-Apr-2025 09:55:09 Asia/Shanghai] VIP专属剩余: 5
[21-Apr-2025 09:55:12 Asia/Shanghai] VIP用户 5 的免费次数使用情况：
[21-Apr-2025 09:55:12 Asia/Shanghai] 已使用次数: 5
[21-Apr-2025 09:55:12 Asia/Shanghai] 普通免费剩余: 0
[21-Apr-2025 09:55:12 Asia/Shanghai] VIP专属剩余: 5
[21-Apr-2025 09:55:12 Asia/Shanghai] VIP用户 5 的免费次数使用情况：
[21-Apr-2025 09:55:12 Asia/Shanghai] 已使用次数: 5
[21-Apr-2025 09:55:12 Asia/Shanghai] 普通免费剩余: 0
[21-Apr-2025 09:55:12 Asia/Shanghai] VIP专属剩余: 5
[21-Apr-2025 09:55:12 Asia/Shanghai] VIP用户 5 的免费次数使用情况：
[21-Apr-2025 09:55:12 Asia/Shanghai] 已使用次数: 5
[21-Apr-2025 09:55:12 Asia/Shanghai] 普通免费剩余: 0
[21-Apr-2025 09:55:12 Asia/Shanghai] VIP专属剩余: 5
[21-Apr-2025 09:55:12 Asia/Shanghai] VIP用户 5 的免费次数使用情况：
[21-Apr-2025 09:55:12 Asia/Shanghai] 已使用次数: 6
[21-Apr-2025 09:55:12 Asia/Shanghai] 普通免费剩余: 0
[21-Apr-2025 09:55:12 Asia/Shanghai] VIP专属剩余: 4
[21-Apr-2025 09:55:14 Asia/Shanghai] VIP用户 5 的免费次数使用情况：
[21-Apr-2025 09:55:14 Asia/Shanghai] 已使用次数: 6
[21-Apr-2025 09:55:14 Asia/Shanghai] 普通免费剩余: 0
[21-Apr-2025 09:55:14 Asia/Shanghai] VIP专属剩余: 4
[21-Apr-2025 09:55:14 Asia/Shanghai] VIP用户 5 的免费次数使用情况：
[21-Apr-2025 09:55:14 Asia/Shanghai] 已使用次数: 6
[21-Apr-2025 09:55:14 Asia/Shanghai] 普通免费剩余: 0
[21-Apr-2025 09:55:14 Asia/Shanghai] VIP专属剩余: 4
[21-Apr-2025 09:55:14 Asia/Shanghai] VIP用户 5 的免费次数使用情况：
[21-Apr-2025 09:55:14 Asia/Shanghai] 已使用次数: 6
[21-Apr-2025 09:55:14 Asia/Shanghai] 普通免费剩余: 0
[21-Apr-2025 09:55:14 Asia/Shanghai] VIP专属剩余: 4
[21-Apr-2025 09:55:14 Asia/Shanghai] VIP用户 5 的免费次数使用情况：
[21-Apr-2025 09:55:14 Asia/Shanghai] 已使用次数: 7
[21-Apr-2025 09:55:14 Asia/Shanghai] 普通免费剩余: 0
[21-Apr-2025 09:55:14 Asia/Shanghai] VIP专属剩余: 3
[21-Apr-2025 09:55:16 Asia/Shanghai] VIP用户 5 的免费次数使用情况：
[21-Apr-2025 09:55:16 Asia/Shanghai] 已使用次数: 7
[21-Apr-2025 09:55:16 Asia/Shanghai] 普通免费剩余: 0
[21-Apr-2025 09:55:16 Asia/Shanghai] VIP专属剩余: 3
[21-Apr-2025 09:55:16 Asia/Shanghai] VIP用户 5 的免费次数使用情况：
[21-Apr-2025 09:55:16 Asia/Shanghai] 已使用次数: 7
[21-Apr-2025 09:55:16 Asia/Shanghai] 普通免费剩余: 0
[21-Apr-2025 09:55:16 Asia/Shanghai] VIP专属剩余: 3
[21-Apr-2025 09:55:16 Asia/Shanghai] VIP用户 5 的免费次数使用情况：
[21-Apr-2025 09:55:16 Asia/Shanghai] 已使用次数: 7
[21-Apr-2025 09:55:16 Asia/Shanghai] 普通免费剩余: 0
[21-Apr-2025 09:55:16 Asia/Shanghai] VIP专属剩余: 3
[21-Apr-2025 09:55:16 Asia/Shanghai] VIP用户 5 的免费次数使用情况：
[21-Apr-2025 09:55:16 Asia/Shanghai] 已使用次数: 8
[21-Apr-2025 09:55:16 Asia/Shanghai] 普通免费剩余: 0
[21-Apr-2025 09:55:16 Asia/Shanghai] VIP专属剩余: 2
[21-Apr-2025 09:55:18 Asia/Shanghai] VIP用户 5 的免费次数使用情况：
[21-Apr-2025 09:55:18 Asia/Shanghai] 已使用次数: 8
[21-Apr-2025 09:55:18 Asia/Shanghai] 普通免费剩余: 0
[21-Apr-2025 09:55:18 Asia/Shanghai] VIP专属剩余: 2
[21-Apr-2025 09:55:18 Asia/Shanghai] VIP用户 5 的免费次数使用情况：
[21-Apr-2025 09:55:18 Asia/Shanghai] 已使用次数: 8
[21-Apr-2025 09:55:18 Asia/Shanghai] 普通免费剩余: 0
[21-Apr-2025 09:55:18 Asia/Shanghai] VIP专属剩余: 2
[21-Apr-2025 09:55:18 Asia/Shanghai] VIP用户 5 的免费次数使用情况：
[21-Apr-2025 09:55:18 Asia/Shanghai] 已使用次数: 8
[21-Apr-2025 09:55:18 Asia/Shanghai] 普通免费剩余: 0
[21-Apr-2025 09:55:18 Asia/Shanghai] VIP专属剩余: 2
[21-Apr-2025 09:55:18 Asia/Shanghai] VIP用户 5 的免费次数使用情况：
[21-Apr-2025 09:55:18 Asia/Shanghai] 已使用次数: 9
[21-Apr-2025 09:55:18 Asia/Shanghai] 普通免费剩余: 0
[21-Apr-2025 09:55:18 Asia/Shanghai] VIP专属剩余: 1
[21-Apr-2025 09:55:24 Asia/Shanghai] VIP用户 5 的免费次数使用情况：
[21-Apr-2025 09:55:24 Asia/Shanghai] 已使用次数: 9
[21-Apr-2025 09:55:24 Asia/Shanghai] 普通免费剩余: 0
[21-Apr-2025 09:55:24 Asia/Shanghai] VIP专属剩余: 1
[21-Apr-2025 09:55:24 Asia/Shanghai] VIP用户 5 的免费次数使用情况：
[21-Apr-2025 09:55:24 Asia/Shanghai] 已使用次数: 9
[21-Apr-2025 09:55:24 Asia/Shanghai] 普通免费剩余: 0
[21-Apr-2025 09:55:24 Asia/Shanghai] VIP专属剩余: 1
[21-Apr-2025 09:55:24 Asia/Shanghai] VIP用户 5 的免费次数使用情况：
[21-Apr-2025 09:55:24 Asia/Shanghai] 已使用次数: 9
[21-Apr-2025 09:55:24 Asia/Shanghai] 普通免费剩余: 0
[21-Apr-2025 09:55:24 Asia/Shanghai] VIP专属剩余: 1
[21-Apr-2025 09:55:24 Asia/Shanghai] VIP用户 5 的免费次数使用情况：
[21-Apr-2025 09:55:24 Asia/Shanghai] 已使用次数: 10
[21-Apr-2025 09:55:24 Asia/Shanghai] 普通免费剩余: 0
[21-Apr-2025 09:55:24 Asia/Shanghai] VIP专属剩余: 0
[21-Apr-2025 09:55:33 Asia/Shanghai] VIP用户 5 的免费次数使用情况：
[21-Apr-2025 09:55:33 Asia/Shanghai] 已使用次数: 10
[21-Apr-2025 09:55:33 Asia/Shanghai] 普通免费剩余: 0
[21-Apr-2025 09:55:33 Asia/Shanghai] VIP专属剩余: 0
[21-Apr-2025 09:55:33 Asia/Shanghai] VIP用户 5 的免费次数使用情况：
[21-Apr-2025 09:55:33 Asia/Shanghai] 已使用次数: 10
[21-Apr-2025 09:55:33 Asia/Shanghai] 普通免费剩余: 0
[21-Apr-2025 09:55:33 Asia/Shanghai] VIP专属剩余: 0
[21-Apr-2025 09:55:33 Asia/Shanghai] VIP用户 5 的免费次数使用情况：
[21-Apr-2025 09:55:33 Asia/Shanghai] 已使用次数: 10
[21-Apr-2025 09:55:33 Asia/Shanghai] 普通免费剩余: 0
[21-Apr-2025 09:55:33 Asia/Shanghai] VIP专属剩余: 0
[21-Apr-2025 09:55:35 Asia/Shanghai] VIP用户 5 的免费次数使用情况：
[21-Apr-2025 09:55:35 Asia/Shanghai] 已使用次数: 10
[21-Apr-2025 09:55:35 Asia/Shanghai] 普通免费剩余: 0
[21-Apr-2025 09:55:35 Asia/Shanghai] VIP专属剩余: 0
[21-Apr-2025 09:55:35 Asia/Shanghai] VIP用户 5 的免费次数使用情况：
[21-Apr-2025 09:55:35 Asia/Shanghai] 已使用次数: 10
[21-Apr-2025 09:55:35 Asia/Shanghai] 普通免费剩余: 0
[21-Apr-2025 09:55:35 Asia/Shanghai] VIP专属剩余: 0
[21-Apr-2025 09:55:35 Asia/Shanghai] VIP用户 5 的免费次数使用情况：
[21-Apr-2025 09:55:35 Asia/Shanghai] 已使用次数: 10
[21-Apr-2025 09:55:35 Asia/Shanghai] 普通免费剩余: 0
[21-Apr-2025 09:55:35 Asia/Shanghai] VIP专属剩余: 0
[21-Apr-2025 09:56:02 Asia/Shanghai] VIP用户 4 的免费次数使用情况：
[21-Apr-2025 09:56:02 Asia/Shanghai] 已使用次数: 0
[21-Apr-2025 09:56:02 Asia/Shanghai] 普通免费剩余: 5
[21-Apr-2025 09:56:02 Asia/Shanghai] VIP专属剩余: 5
[21-Apr-2025 09:56:04 Asia/Shanghai] VIP用户 4 的免费次数使用情况：
[21-Apr-2025 09:56:04 Asia/Shanghai] 已使用次数: 0
[21-Apr-2025 09:56:04 Asia/Shanghai] 普通免费剩余: 5
[21-Apr-2025 09:56:04 Asia/Shanghai] VIP专属剩余: 5
[21-Apr-2025 09:56:07 Asia/Shanghai] ------- 签到请求开始 -------
[21-Apr-2025 09:56:07 Asia/Shanghai] 用户ID: 4
[21-Apr-2025 09:56:07 Asia/Shanghai] 请求时间: 2025-04-21 09:56:07
[21-Apr-2025 09:56:07 Asia/Shanghai] 客户端IP: 127.0.0.1
[21-Apr-2025 09:56:07 Asia/Shanghai] 用户代理: Mozilla/5.0 (Windows NT 10.0; Win64; x64) AppleWebKit/537.36 (KHTML, like Gecko) Chrome/135.0.0.0 Safari/537.36
[21-Apr-2025 09:56:07 Asia/Shanghai] 调用userCheckin函数...
[21-Apr-2025 09:56:07 Asia/Shanghai] 开始执行userCheckin函数，用户ID: 4
[21-Apr-2025 09:56:07 Asia/Shanghai] 准备开始事务处理
[21-Apr-2025 09:56:07 Asia/Shanghai] 事务开始成功
[21-Apr-2025 09:56:07 Asia/Shanghai] 检查用户是否今日已签到
[21-Apr-2025 09:56:07 Asia/Shanghai] 获取昨天的签到记录
[21-Apr-2025 09:56:07 Asia/Shanghai] 用户连续签到天数: 2
[21-Apr-2025 09:56:07 Asia/Shanghai] 检查用户VIP状态
[21-Apr-2025 09:56:07 Asia/Shanghai] 用户是VIP，额外奖励200积分
[21-Apr-2025 09:56:07 Asia/Shanghai] 插入今天的签到记录
[21-Apr-2025 09:56:07 Asia/Shanghai] 签到记录插入成功，开始更新用户积分
[21-Apr-2025 09:56:07 Asia/Shanghai] 记录积分历史
[21-Apr-2025 09:56:07 Asia/Shanghai] 会话中的积分已更新: 343
[21-Apr-2025 09:56:07 Asia/Shanghai] 所有操作完成，准备提交事务
[21-Apr-2025 09:56:07 Asia/Shanghai] 事务提交成功
[21-Apr-2025 09:56:07 Asia/Shanghai] 签到成功，返回结果
[21-Apr-2025 09:56:07 Asia/Shanghai] userCheckin函数调用完成，结果: 成功
[21-Apr-2025 09:56:07 Asia/Shanghai] 响应内容: {"success":true,"consecutive_days":2,"points_earned":300,"is_weekly_bonus":false,"is_vip":true,"vip_bonus_points":200}
[21-Apr-2025 09:56:07 Asia/Shanghai] ------- 签到请求结束 -------
[21-Apr-2025 09:56:16 Asia/Shanghai] VIP用户 4 的免费次数使用情况：
[21-Apr-2025 09:56:16 Asia/Shanghai] 已使用次数: 0
[21-Apr-2025 09:56:16 Asia/Shanghai] 普通免费剩余: 5
[21-Apr-2025 09:56:16 Asia/Shanghai] VIP专属剩余: 5
[21-Apr-2025 09:56:16 Asia/Shanghai] VIP用户 4 的免费次数使用情况：
[21-Apr-2025 09:56:16 Asia/Shanghai] 已使用次数: 0
[21-Apr-2025 09:56:16 Asia/Shanghai] 普通免费剩余: 5
[21-Apr-2025 09:56:16 Asia/Shanghai] VIP专属剩余: 5
[21-Apr-2025 09:56:16 Asia/Shanghai] VIP用户 4 的免费次数使用情况：
[21-Apr-2025 09:56:16 Asia/Shanghai] 已使用次数: 0
[21-Apr-2025 09:56:16 Asia/Shanghai] 普通免费剩余: 5
[21-Apr-2025 09:56:16 Asia/Shanghai] VIP专属剩余: 5
[21-Apr-2025 09:56:16 Asia/Shanghai] VIP用户 4 的免费次数使用情况：
[21-Apr-2025 09:56:16 Asia/Shanghai] 已使用次数: 0
[21-Apr-2025 09:56:16 Asia/Shanghai] 普通免费剩余: 5
[21-Apr-2025 09:56:16 Asia/Shanghai] VIP专属剩余: 5
[21-Apr-2025 10:00:34 Asia/Shanghai] VIP用户 4 的免费次数使用情况：
[21-Apr-2025 10:00:34 Asia/Shanghai] 已使用次数: 0
[21-Apr-2025 10:00:34 Asia/Shanghai] 普通免费剩余: 5
[21-Apr-2025 10:00:34 Asia/Shanghai] VIP专属剩余: 5
[21-Apr-2025 10:00:34 Asia/Shanghai] VIP用户 4 的免费次数使用情况：
[21-Apr-2025 10:00:34 Asia/Shanghai] 已使用次数: 0
[21-Apr-2025 10:00:34 Asia/Shanghai] 普通免费剩余: 5
[21-Apr-2025 10:00:34 Asia/Shanghai] VIP专属剩余: 5
[21-Apr-2025 10:00:35 Asia/Shanghai] VIP用户 4 的免费次数使用情况：
[21-Apr-2025 10:00:35 Asia/Shanghai] 已使用次数: 0
[21-Apr-2025 10:00:35 Asia/Shanghai] 普通免费剩余: 5
[21-Apr-2025 10:00:35 Asia/Shanghai] VIP专属剩余: 5
[21-Apr-2025 10:00:35 Asia/Shanghai] VIP用户 4 的免费次数使用情况：
[21-Apr-2025 10:00:35 Asia/Shanghai] 已使用次数: 0
[21-Apr-2025 10:00:35 Asia/Shanghai] 普通免费剩余: 5
[21-Apr-2025 10:00:35 Asia/Shanghai] VIP专属剩余: 5
[21-Apr-2025 10:00:35 Asia/Shanghai] VIP用户 4 的免费次数使用情况：
[21-Apr-2025 10:00:35 Asia/Shanghai] 已使用次数: 0
[21-Apr-2025 10:00:35 Asia/Shanghai] 普通免费剩余: 5
[21-Apr-2025 10:00:35 Asia/Shanghai] VIP专属剩余: 5
[21-Apr-2025 10:00:39 Asia/Shanghai] VIP用户 4 的免费次数使用情况：
[21-Apr-2025 10:00:39 Asia/Shanghai] 已使用次数: 0
[21-Apr-2025 10:00:39 Asia/Shanghai] 普通免费剩余: 5
[21-Apr-2025 10:00:39 Asia/Shanghai] VIP专属剩余: 5
[21-Apr-2025 10:00:43 Asia/Shanghai] VIP用户 4 的免费次数使用情况：
[21-Apr-2025 10:00:43 Asia/Shanghai] 已使用次数: 0
[21-Apr-2025 10:00:43 Asia/Shanghai] 普通免费剩余: 5
[21-Apr-2025 10:00:43 Asia/Shanghai] VIP专属剩余: 5
[21-Apr-2025 10:00:45 Asia/Shanghai] VIP用户 4 的免费次数使用情况：
[21-Apr-2025 10:00:45 Asia/Shanghai] 已使用次数: 0
[21-Apr-2025 10:00:45 Asia/Shanghai] 普通免费剩余: 5
[21-Apr-2025 10:00:45 Asia/Shanghai] VIP专属剩余: 5
[21-Apr-2025 10:00:45 Asia/Shanghai] VIP用户 4 的免费次数使用情况：
[21-Apr-2025 10:00:45 Asia/Shanghai] 已使用次数: 0
[21-Apr-2025 10:00:45 Asia/Shanghai] 普通免费剩余: 5
[21-Apr-2025 10:00:45 Asia/Shanghai] VIP专属剩余: 5
[21-Apr-2025 10:00:45 Asia/Shanghai] VIP用户 4 的免费次数使用情况：
[21-Apr-2025 10:00:45 Asia/Shanghai] 已使用次数: 0
[21-Apr-2025 10:00:45 Asia/Shanghai] 普通免费剩余: 5
[21-Apr-2025 10:00:45 Asia/Shanghai] VIP专属剩余: 5
[21-Apr-2025 10:00:45 Asia/Shanghai] VIP用户 4 的免费次数使用情况：
[21-Apr-2025 10:00:45 Asia/Shanghai] 已使用次数: 0
[21-Apr-2025 10:00:45 Asia/Shanghai] 普通免费剩余: 5
[21-Apr-2025 10:00:45 Asia/Shanghai] VIP专属剩余: 5
[21-Apr-2025 10:00:46 Asia/Shanghai] VIP用户 4 的免费次数使用情况：
[21-Apr-2025 10:00:46 Asia/Shanghai] 已使用次数: 0
[21-Apr-2025 10:00:46 Asia/Shanghai] 普通免费剩余: 5
[21-Apr-2025 10:00:46 Asia/Shanghai] VIP专属剩余: 5
[21-Apr-2025 10:00:46 Asia/Shanghai] VIP用户 4 的免费次数使用情况：
[21-Apr-2025 10:00:46 Asia/Shanghai] 已使用次数: 0
[21-Apr-2025 10:00:46 Asia/Shanghai] 普通免费剩余: 5
[21-Apr-2025 10:00:46 Asia/Shanghai] VIP专属剩余: 5
[21-Apr-2025 10:00:46 Asia/Shanghai] VIP用户 4 的免费次数使用情况：
[21-Apr-2025 10:00:46 Asia/Shanghai] 已使用次数: 0
[21-Apr-2025 10:00:46 Asia/Shanghai] 普通免费剩余: 5
[21-Apr-2025 10:00:46 Asia/Shanghai] VIP专属剩余: 5
[21-Apr-2025 10:00:47 Asia/Shanghai] VIP用户 4 的免费次数使用情况：
[21-Apr-2025 10:00:47 Asia/Shanghai] 已使用次数: 0
[21-Apr-2025 10:00:47 Asia/Shanghai] 普通免费剩余: 5
[21-Apr-2025 10:00:47 Asia/Shanghai] VIP专属剩余: 5
[21-Apr-2025 10:00:47 Asia/Shanghai] VIP用户 4 的免费次数使用情况：
[21-Apr-2025 10:00:47 Asia/Shanghai] 已使用次数: 0
[21-Apr-2025 10:00:47 Asia/Shanghai] 普通免费剩余: 5
[21-Apr-2025 10:00:47 Asia/Shanghai] VIP专属剩余: 5
[21-Apr-2025 10:00:48 Asia/Shanghai] VIP用户 4 的免费次数使用情况：
[21-Apr-2025 10:00:48 Asia/Shanghai] 已使用次数: 0
[21-Apr-2025 10:00:48 Asia/Shanghai] 普通免费剩余: 5
[21-Apr-2025 10:00:48 Asia/Shanghai] VIP专属剩余: 5
[21-Apr-2025 10:00:51 Asia/Shanghai] VIP用户 4 的免费次数使用情况：
[21-Apr-2025 10:00:51 Asia/Shanghai] 已使用次数: 0
[21-Apr-2025 10:00:51 Asia/Shanghai] 普通免费剩余: 5
[21-Apr-2025 10:00:51 Asia/Shanghai] VIP专属剩余: 5
[21-Apr-2025 10:01:00 Asia/Shanghai] VIP用户 4 的免费次数使用情况：
[21-Apr-2025 10:01:00 Asia/Shanghai] 已使用次数: 0
[21-Apr-2025 10:01:00 Asia/Shanghai] 普通免费剩余: 5
[21-Apr-2025 10:01:00 Asia/Shanghai] VIP专属剩余: 5
[21-Apr-2025 10:01:33 Asia/Shanghai] VIP用户 4 的免费次数使用情况：
[21-Apr-2025 10:01:33 Asia/Shanghai] 已使用次数: 0
[21-Apr-2025 10:01:33 Asia/Shanghai] 普通免费剩余: 5
[21-Apr-2025 10:01:33 Asia/Shanghai] VIP专属剩余: 5
[21-Apr-2025 10:01:34 Asia/Shanghai] VIP用户 4 的免费次数使用情况：
[21-Apr-2025 10:01:34 Asia/Shanghai] 已使用次数: 0
[21-Apr-2025 10:01:34 Asia/Shanghai] 普通免费剩余: 5
[21-Apr-2025 10:01:34 Asia/Shanghai] VIP专属剩余: 5
[21-Apr-2025 10:02:12 Asia/Shanghai] VIP用户 4 的免费次数使用情况：
[21-Apr-2025 10:02:12 Asia/Shanghai] 已使用次数: 0
[21-Apr-2025 10:02:12 Asia/Shanghai] 普通免费剩余: 5
[21-Apr-2025 10:02:12 Asia/Shanghai] VIP专属剩余: 5
[21-Apr-2025 10:02:14 Asia/Shanghai] VIP用户 4 的免费次数使用情况：
[21-Apr-2025 10:02:14 Asia/Shanghai] 已使用次数: 0
[21-Apr-2025 10:02:14 Asia/Shanghai] 普通免费剩余: 5
[21-Apr-2025 10:02:14 Asia/Shanghai] VIP专属剩余: 5
[21-Apr-2025 10:04:30 Asia/Shanghai] VIP用户 4 的免费次数使用情况：
[21-Apr-2025 10:04:30 Asia/Shanghai] 已使用次数: 0
[21-Apr-2025 10:04:30 Asia/Shanghai] 普通免费剩余: 5
[21-Apr-2025 10:04:30 Asia/Shanghai] VIP专属剩余: 5
[21-Apr-2025 10:04:31 Asia/Shanghai] VIP用户 4 的免费次数使用情况：
[21-Apr-2025 10:04:31 Asia/Shanghai] 已使用次数: 0
[21-Apr-2025 10:04:31 Asia/Shanghai] 普通免费剩余: 5
[21-Apr-2025 10:04:31 Asia/Shanghai] VIP专属剩余: 5
[21-Apr-2025 10:04:31 Asia/Shanghai] VIP用户 4 的免费次数使用情况：
[21-Apr-2025 10:04:31 Asia/Shanghai] 已使用次数: 0
[21-Apr-2025 10:04:31 Asia/Shanghai] 普通免费剩余: 5
[21-Apr-2025 10:04:31 Asia/Shanghai] VIP专属剩余: 5
[21-Apr-2025 10:04:31 Asia/Shanghai] VIP用户 4 的免费次数使用情况：
[21-Apr-2025 10:04:31 Asia/Shanghai] 已使用次数: 0
[21-Apr-2025 10:04:31 Asia/Shanghai] 普通免费剩余: 5
[21-Apr-2025 10:04:31 Asia/Shanghai] VIP专属剩余: 5
[21-Apr-2025 10:04:31 Asia/Shanghai] VIP用户 4 的免费次数使用情况：
[21-Apr-2025 10:04:31 Asia/Shanghai] 已使用次数: 0
[21-Apr-2025 10:04:31 Asia/Shanghai] 普通免费剩余: 5
[21-Apr-2025 10:04:31 Asia/Shanghai] VIP专属剩余: 5
[21-Apr-2025 10:04:46 Asia/Shanghai] VIP用户 4 的免费次数使用情况：
[21-Apr-2025 10:04:46 Asia/Shanghai] 已使用次数: 0
[21-Apr-2025 10:04:46 Asia/Shanghai] 普通免费剩余: 5
[21-Apr-2025 10:04:46 Asia/Shanghai] VIP专属剩余: 5
[21-Apr-2025 10:04:46 Asia/Shanghai] VIP用户 4 的免费次数使用情况：
[21-Apr-2025 10:04:46 Asia/Shanghai] 已使用次数: 0
[21-Apr-2025 10:04:46 Asia/Shanghai] 普通免费剩余: 5
[21-Apr-2025 10:04:46 Asia/Shanghai] VIP专属剩余: 5
[21-Apr-2025 10:04:46 Asia/Shanghai] VIP用户 4 的免费次数使用情况：
[21-Apr-2025 10:04:46 Asia/Shanghai] 已使用次数: 0
[21-Apr-2025 10:04:46 Asia/Shanghai] 普通免费剩余: 5
[21-Apr-2025 10:04:46 Asia/Shanghai] VIP专属剩余: 5
[21-Apr-2025 10:04:46 Asia/Shanghai] VIP用户 4 的免费次数使用情况：
[21-Apr-2025 10:04:46 Asia/Shanghai] 已使用次数: 0
[21-Apr-2025 10:04:46 Asia/Shanghai] 普通免费剩余: 5
[21-Apr-2025 10:04:46 Asia/Shanghai] VIP专属剩余: 5
[21-Apr-2025 10:06:00 Asia/Shanghai] VIP用户 4 的免费次数使用情况：
[21-Apr-2025 10:06:00 Asia/Shanghai] 已使用次数: 0
[21-Apr-2025 10:06:00 Asia/Shanghai] 普通免费剩余: 5
[21-Apr-2025 10:06:00 Asia/Shanghai] VIP专属剩余: 5
[21-Apr-2025 10:06:13 Asia/Shanghai] VIP用户 4 的免费次数使用情况：
[21-Apr-2025 10:06:13 Asia/Shanghai] 已使用次数: 0
[21-Apr-2025 10:06:13 Asia/Shanghai] 普通免费剩余: 5
[21-Apr-2025 10:06:13 Asia/Shanghai] VIP专属剩余: 5
[21-Apr-2025 10:06:13 Asia/Shanghai] VIP用户 4 的免费次数使用情况：
[21-Apr-2025 10:06:13 Asia/Shanghai] 已使用次数: 0
[21-Apr-2025 10:06:13 Asia/Shanghai] 普通免费剩余: 5
[21-Apr-2025 10:06:13 Asia/Shanghai] VIP专属剩余: 5
[21-Apr-2025 10:06:14 Asia/Shanghai] VIP用户 4 的免费次数使用情况：
[21-Apr-2025 10:06:14 Asia/Shanghai] 已使用次数: 0
[21-Apr-2025 10:06:14 Asia/Shanghai] 普通免费剩余: 5
[21-Apr-2025 10:06:14 Asia/Shanghai] VIP专属剩余: 5
[21-Apr-2025 10:06:14 Asia/Shanghai] VIP用户 4 的免费次数使用情况：
[21-Apr-2025 10:06:14 Asia/Shanghai] 已使用次数: 0
[21-Apr-2025 10:06:14 Asia/Shanghai] 普通免费剩余: 5
[21-Apr-2025 10:06:14 Asia/Shanghai] VIP专属剩余: 5
[21-Apr-2025 10:06:25 Asia/Shanghai] VIP用户 4 的免费次数使用情况：
[21-Apr-2025 10:06:25 Asia/Shanghai] 已使用次数: 0
[21-Apr-2025 10:06:25 Asia/Shanghai] 普通免费剩余: 5
[21-Apr-2025 10:06:25 Asia/Shanghai] VIP专属剩余: 5
[21-Apr-2025 10:06:25 Asia/Shanghai] VIP用户 4 的免费次数使用情况：
[21-Apr-2025 10:06:25 Asia/Shanghai] 已使用次数: 0
[21-Apr-2025 10:06:25 Asia/Shanghai] 普通免费剩余: 5
[21-Apr-2025 10:06:25 Asia/Shanghai] VIP专属剩余: 5
[21-Apr-2025 10:06:25 Asia/Shanghai] VIP用户 4 的免费次数使用情况：
[21-Apr-2025 10:06:25 Asia/Shanghai] 已使用次数: 0
[21-Apr-2025 10:06:25 Asia/Shanghai] 普通免费剩余: 5
[21-Apr-2025 10:06:25 Asia/Shanghai] VIP专属剩余: 5
[21-Apr-2025 10:06:25 Asia/Shanghai] VIP用户 4 的免费次数使用情况：
[21-Apr-2025 10:06:25 Asia/Shanghai] 已使用次数: 0
[21-Apr-2025 10:06:25 Asia/Shanghai] 普通免费剩余: 5
[21-Apr-2025 10:06:25 Asia/Shanghai] VIP专属剩余: 5
[21-Apr-2025 10:06:25 Asia/Shanghai] VIP用户 4 的免费次数使用情况：
[21-Apr-2025 10:06:25 Asia/Shanghai] 已使用次数: 0
[21-Apr-2025 10:06:25 Asia/Shanghai] 普通免费剩余: 5
[21-Apr-2025 10:06:25 Asia/Shanghai] VIP专属剩余: 5
[21-Apr-2025 10:06:27 Asia/Shanghai] VIP用户 4 的免费次数使用情况：
[21-Apr-2025 10:06:27 Asia/Shanghai] 已使用次数: 0
[21-Apr-2025 10:06:27 Asia/Shanghai] 普通免费剩余: 5
[21-Apr-2025 10:06:27 Asia/Shanghai] VIP专属剩余: 5
[21-Apr-2025 10:06:27 Asia/Shanghai] VIP用户 4 的免费次数使用情况：
[21-Apr-2025 10:06:27 Asia/Shanghai] 已使用次数: 0
[21-Apr-2025 10:06:27 Asia/Shanghai] 普通免费剩余: 5
[21-Apr-2025 10:06:27 Asia/Shanghai] VIP专属剩余: 5
[21-Apr-2025 10:06:27 Asia/Shanghai] VIP用户 4 的免费次数使用情况：
[21-Apr-2025 10:06:27 Asia/Shanghai] 已使用次数: 0
[21-Apr-2025 10:06:27 Asia/Shanghai] 普通免费剩余: 5
[21-Apr-2025 10:06:27 Asia/Shanghai] VIP专属剩余: 5
[21-Apr-2025 10:06:27 Asia/Shanghai] VIP用户 4 的免费次数使用情况：
[21-Apr-2025 10:06:27 Asia/Shanghai] 已使用次数: 0
[21-Apr-2025 10:06:27 Asia/Shanghai] 普通免费剩余: 5
[21-Apr-2025 10:06:27 Asia/Shanghai] VIP专属剩余: 5
[21-Apr-2025 10:06:33 Asia/Shanghai] VIP用户 4 的免费次数使用情况：
[21-Apr-2025 10:06:33 Asia/Shanghai] 已使用次数: 0
[21-Apr-2025 10:06:33 Asia/Shanghai] 普通免费剩余: 5
[21-Apr-2025 10:06:33 Asia/Shanghai] VIP专属剩余: 5
[21-Apr-2025 10:06:49 Asia/Shanghai] VIP用户 4 的免费次数使用情况：
[21-Apr-2025 10:06:49 Asia/Shanghai] 已使用次数: 0
[21-Apr-2025 10:06:49 Asia/Shanghai] 普通免费剩余: 5
[21-Apr-2025 10:06:49 Asia/Shanghai] VIP专属剩余: 5
[21-Apr-2025 10:06:49 Asia/Shanghai] VIP用户 4 的免费次数使用情况：
[21-Apr-2025 10:06:49 Asia/Shanghai] 已使用次数: 0
[21-Apr-2025 10:06:49 Asia/Shanghai] 普通免费剩余: 5
[21-Apr-2025 10:06:49 Asia/Shanghai] VIP专属剩余: 5
[21-Apr-2025 10:06:49 Asia/Shanghai] VIP用户 4 的免费次数使用情况：
[21-Apr-2025 10:06:49 Asia/Shanghai] 已使用次数: 0
[21-Apr-2025 10:06:49 Asia/Shanghai] 普通免费剩余: 5
[21-Apr-2025 10:06:49 Asia/Shanghai] VIP专属剩余: 5
[21-Apr-2025 10:06:49 Asia/Shanghai] VIP用户 4 的免费次数使用情况：
[21-Apr-2025 10:06:49 Asia/Shanghai] 已使用次数: 0
[21-Apr-2025 10:06:49 Asia/Shanghai] 普通免费剩余: 5
[21-Apr-2025 10:06:49 Asia/Shanghai] VIP专属剩余: 5
[21-Apr-2025 10:09:57 Asia/Shanghai] VIP用户 4 的免费次数使用情况：
[21-Apr-2025 10:09:57 Asia/Shanghai] 已使用次数: 0
[21-Apr-2025 10:09:57 Asia/Shanghai] 普通免费剩余: 5
[21-Apr-2025 10:09:57 Asia/Shanghai] VIP专属剩余: 5
[21-Apr-2025 10:09:57 Asia/Shanghai] VIP用户 4 的免费次数使用情况：
[21-Apr-2025 10:09:57 Asia/Shanghai] 已使用次数: 0
[21-Apr-2025 10:09:57 Asia/Shanghai] 普通免费剩余: 5
[21-Apr-2025 10:09:57 Asia/Shanghai] VIP专属剩余: 5
[21-Apr-2025 10:09:57 Asia/Shanghai] VIP用户 4 的免费次数使用情况：
[21-Apr-2025 10:09:57 Asia/Shanghai] 已使用次数: 0
[21-Apr-2025 10:09:57 Asia/Shanghai] 普通免费剩余: 5
[21-Apr-2025 10:09:57 Asia/Shanghai] VIP专属剩余: 5
[21-Apr-2025 10:09:57 Asia/Shanghai] VIP用户 4 的免费次数使用情况：
[21-Apr-2025 10:09:57 Asia/Shanghai] 已使用次数: 0
[21-Apr-2025 10:09:57 Asia/Shanghai] 普通免费剩余: 5
[21-Apr-2025 10:09:57 Asia/Shanghai] VIP专属剩余: 5
[21-Apr-2025 10:10:49 Asia/Shanghai] VIP用户 4 的免费次数使用情况：
[21-Apr-2025 10:10:49 Asia/Shanghai] 已使用次数: 0
[21-Apr-2025 10:10:49 Asia/Shanghai] 普通免费剩余: 5
[21-Apr-2025 10:10:49 Asia/Shanghai] VIP专属剩余: 5
[21-Apr-2025 10:10:49 Asia/Shanghai] VIP用户 4 的免费次数使用情况：
[21-Apr-2025 10:10:49 Asia/Shanghai] 已使用次数: 0
[21-Apr-2025 10:10:49 Asia/Shanghai] 普通免费剩余: 5
[21-Apr-2025 10:10:49 Asia/Shanghai] VIP专属剩余: 5
[21-Apr-2025 10:10:49 Asia/Shanghai] VIP用户 4 的免费次数使用情况：
[21-Apr-2025 10:10:49 Asia/Shanghai] 已使用次数: 0
[21-Apr-2025 10:10:49 Asia/Shanghai] 普通免费剩余: 5
[21-Apr-2025 10:10:49 Asia/Shanghai] VIP专属剩余: 5
[21-Apr-2025 10:10:49 Asia/Shanghai] VIP用户 4 的免费次数使用情况：
[21-Apr-2025 10:10:49 Asia/Shanghai] 已使用次数: 0
[21-Apr-2025 10:10:49 Asia/Shanghai] 普通免费剩余: 5
[21-Apr-2025 10:10:49 Asia/Shanghai] VIP专属剩余: 5
[21-Apr-2025 10:10:49 Asia/Shanghai] VIP用户 4 的免费次数使用情况：
[21-Apr-2025 10:10:49 Asia/Shanghai] 已使用次数: 0
[21-Apr-2025 10:10:49 Asia/Shanghai] 普通免费剩余: 5
[21-Apr-2025 10:10:49 Asia/Shanghai] VIP专属剩余: 5
[21-Apr-2025 10:13:58 Asia/Shanghai] VIP用户 4 的免费次数使用情况：
[21-Apr-2025 10:13:58 Asia/Shanghai] 已使用次数: 0
[21-Apr-2025 10:13:58 Asia/Shanghai] 普通免费剩余: 5
[21-Apr-2025 10:13:58 Asia/Shanghai] VIP专属剩余: 5
[21-Apr-2025 10:13:58 Asia/Shanghai] VIP用户 4 的免费次数使用情况：
[21-Apr-2025 10:13:58 Asia/Shanghai] 已使用次数: 0
[21-Apr-2025 10:13:58 Asia/Shanghai] 普通免费剩余: 5
[21-Apr-2025 10:13:58 Asia/Shanghai] VIP专属剩余: 5
[21-Apr-2025 10:13:58 Asia/Shanghai] VIP用户 4 的免费次数使用情况：
[21-Apr-2025 10:13:58 Asia/Shanghai] 已使用次数: 0
[21-Apr-2025 10:13:58 Asia/Shanghai] 普通免费剩余: 5
[21-Apr-2025 10:13:58 Asia/Shanghai] VIP专属剩余: 5
[21-Apr-2025 10:13:59 Asia/Shanghai] VIP用户 4 的免费次数使用情况：
[21-Apr-2025 10:13:59 Asia/Shanghai] 已使用次数: 0
[21-Apr-2025 10:13:59 Asia/Shanghai] 普通免费剩余: 5
[21-Apr-2025 10:13:59 Asia/Shanghai] VIP专属剩余: 5
[21-Apr-2025 10:17:02 Asia/Shanghai] PHP Fatal error:  Uncaught Error: Call to undefined function get_points_config() in E:\phpstudy_pro\Driftbottle\Driftbottle\api.php:647
Stack trace:
#0 {main}
  thrown in E:\phpstudy_pro\Driftbottle\Driftbottle\api.php on line 647
[21-Apr-2025 10:17:02 Asia/Shanghai] VIP用户 4 的免费次数使用情况：
[21-Apr-2025 10:17:02 Asia/Shanghai] 已使用次数: 0
[21-Apr-2025 10:17:02 Asia/Shanghai] 普通免费剩余: 5
[21-Apr-2025 10:17:02 Asia/Shanghai] VIP专属剩余: 5
[21-Apr-2025 10:17:02 Asia/Shanghai] PHP Fatal error:  Uncaught Error: Call to undefined function get_limits_config() in E:\phpstudy_pro\Driftbottle\Driftbottle\api.php:745
Stack trace:
#0 {main}
  thrown in E:\phpstudy_pro\Driftbottle\Driftbottle\api.php on line 745
[21-Apr-2025 10:17:03 Asia/Shanghai] VIP用户 4 的免费次数使用情况：
[21-Apr-2025 10:17:03 Asia/Shanghai] 已使用次数: 0
[21-Apr-2025 10:17:03 Asia/Shanghai] 普通免费剩余: 5
[21-Apr-2025 10:17:03 Asia/Shanghai] VIP专属剩余: 5
[21-Apr-2025 10:17:03 Asia/Shanghai] VIP用户 4 的免费次数使用情况：
[21-Apr-2025 10:17:03 Asia/Shanghai] 已使用次数: 0
[21-Apr-2025 10:17:03 Asia/Shanghai] 普通免费剩余: 5
[21-Apr-2025 10:17:03 Asia/Shanghai] VIP专属剩余: 5
[21-Apr-2025 10:17:03 Asia/Shanghai] VIP用户 4 的免费次数使用情况：
[21-Apr-2025 10:17:03 Asia/Shanghai] 已使用次数: 0
[21-Apr-2025 10:17:03 Asia/Shanghai] 普通免费剩余: 5
[21-Apr-2025 10:17:03 Asia/Shanghai] VIP专属剩余: 5
[21-Apr-2025 10:17:53 Asia/Shanghai] PHP Fatal error:  Uncaught Error: Call to undefined function get_points_config() in E:\phpstudy_pro\Driftbottle\Driftbottle\api.php:647
Stack trace:
#0 {main}
  thrown in E:\phpstudy_pro\Driftbottle\Driftbottle\api.php on line 647
[21-Apr-2025 10:17:54 Asia/Shanghai] VIP用户 4 的免费次数使用情况：
[21-Apr-2025 10:17:54 Asia/Shanghai] 已使用次数: 0
[21-Apr-2025 10:17:54 Asia/Shanghai] 普通免费剩余: 5
[21-Apr-2025 10:17:54 Asia/Shanghai] VIP专属剩余: 5
[21-Apr-2025 10:17:54 Asia/Shanghai] PHP Fatal error:  Uncaught Error: Call to undefined function get_limits_config() in E:\phpstudy_pro\Driftbottle\Driftbottle\api.php:745
Stack trace:
#0 {main}
  thrown in E:\phpstudy_pro\Driftbottle\Driftbottle\api.php on line 745
[21-Apr-2025 10:17:54 Asia/Shanghai] VIP用户 4 的免费次数使用情况：
[21-Apr-2025 10:17:54 Asia/Shanghai] 已使用次数: 0
[21-Apr-2025 10:17:54 Asia/Shanghai] 普通免费剩余: 5
[21-Apr-2025 10:17:54 Asia/Shanghai] VIP专属剩余: 5
[21-Apr-2025 10:17:54 Asia/Shanghai] VIP用户 4 的免费次数使用情况：
[21-Apr-2025 10:17:54 Asia/Shanghai] 已使用次数: 0
[21-Apr-2025 10:17:54 Asia/Shanghai] 普通免费剩余: 5
[21-Apr-2025 10:17:54 Asia/Shanghai] VIP专属剩余: 5
[21-Apr-2025 10:17:54 Asia/Shanghai] VIP用户 4 的免费次数使用情况：
[21-Apr-2025 10:17:54 Asia/Shanghai] 已使用次数: 0
[21-Apr-2025 10:17:54 Asia/Shanghai] 普通免费剩余: 5
[21-Apr-2025 10:17:54 Asia/Shanghai] VIP专属剩余: 5
[21-Apr-2025 10:17:59 Asia/Shanghai] PHP Fatal error:  Uncaught Error: Call to undefined function get_limits_config() in E:\phpstudy_pro\Driftbottle\Driftbottle\api.php:745
Stack trace:
#0 {main}
  thrown in E:\phpstudy_pro\Driftbottle\Driftbottle\api.php on line 745
[21-Apr-2025 10:17:59 Asia/Shanghai] PHP Fatal error:  Uncaught Error: Call to undefined function get_points_config() in E:\phpstudy_pro\Driftbottle\Driftbottle\api.php:647
Stack trace:
#0 {main}
  thrown in E:\phpstudy_pro\Driftbottle\Driftbottle\api.php on line 647
[21-Apr-2025 10:17:59 Asia/Shanghai] VIP用户 4 的免费次数使用情况：
[21-Apr-2025 10:17:59 Asia/Shanghai] 已使用次数: 0
[21-Apr-2025 10:17:59 Asia/Shanghai] 普通免费剩余: 5
[21-Apr-2025 10:17:59 Asia/Shanghai] VIP专属剩余: 5
[21-Apr-2025 10:17:59 Asia/Shanghai] VIP用户 4 的免费次数使用情况：
[21-Apr-2025 10:17:59 Asia/Shanghai] 已使用次数: 0
[21-Apr-2025 10:17:59 Asia/Shanghai] 普通免费剩余: 5
[21-Apr-2025 10:17:59 Asia/Shanghai] VIP专属剩余: 5
[21-Apr-2025 10:17:59 Asia/Shanghai] VIP用户 4 的免费次数使用情况：
[21-Apr-2025 10:17:59 Asia/Shanghai] 已使用次数: 0
[21-Apr-2025 10:17:59 Asia/Shanghai] 普通免费剩余: 5
[21-Apr-2025 10:17:59 Asia/Shanghai] VIP专属剩余: 5
[21-Apr-2025 10:17:59 Asia/Shanghai] VIP用户 4 的免费次数使用情况：
[21-Apr-2025 10:17:59 Asia/Shanghai] 已使用次数: 0
[21-Apr-2025 10:17:59 Asia/Shanghai] 普通免费剩余: 5
[21-Apr-2025 10:17:59 Asia/Shanghai] VIP专属剩余: 5
[21-Apr-2025 10:18:37 Asia/Shanghai] PHP Fatal error:  Uncaught Error: Call to undefined function get_limits_config() in E:\phpstudy_pro\Driftbottle\Driftbottle\api.php:745
Stack trace:
#0 {main}
  thrown in E:\phpstudy_pro\Driftbottle\Driftbottle\api.php on line 745
[21-Apr-2025 10:18:37 Asia/Shanghai] VIP用户 4 的免费次数使用情况：
[21-Apr-2025 10:18:37 Asia/Shanghai] 已使用次数: 0
[21-Apr-2025 10:18:37 Asia/Shanghai] 普通免费剩余: 5
[21-Apr-2025 10:18:37 Asia/Shanghai] VIP专属剩余: 5
[21-Apr-2025 10:18:37 Asia/Shanghai] PHP Fatal error:  Uncaught Error: Call to undefined function get_points_config() in E:\phpstudy_pro\Driftbottle\Driftbottle\api.php:647
Stack trace:
#0 {main}
  thrown in E:\phpstudy_pro\Driftbottle\Driftbottle\api.php on line 647
[21-Apr-2025 10:18:37 Asia/Shanghai] VIP用户 4 的免费次数使用情况：
[21-Apr-2025 10:18:37 Asia/Shanghai] 已使用次数: 0
[21-Apr-2025 10:18:37 Asia/Shanghai] 普通免费剩余: 5
[21-Apr-2025 10:18:37 Asia/Shanghai] VIP专属剩余: 5
[21-Apr-2025 10:18:37 Asia/Shanghai] VIP用户 4 的免费次数使用情况：
[21-Apr-2025 10:18:37 Asia/Shanghai] 已使用次数: 0
[21-Apr-2025 10:18:37 Asia/Shanghai] 普通免费剩余: 5
[21-Apr-2025 10:18:37 Asia/Shanghai] VIP专属剩余: 5
[21-Apr-2025 10:18:37 Asia/Shanghai] VIP用户 4 的免费次数使用情况：
[21-Apr-2025 10:18:37 Asia/Shanghai] 已使用次数: 0
[21-Apr-2025 10:18:37 Asia/Shanghai] 普通免费剩余: 5
[21-Apr-2025 10:18:37 Asia/Shanghai] VIP专属剩余: 5
[21-Apr-2025 10:18:38 Asia/Shanghai] PHP Fatal error:  Uncaught Error: Call to undefined function get_limits_config() in E:\phpstudy_pro\Driftbottle\Driftbottle\api.php:745
Stack trace:
#0 {main}
  thrown in E:\phpstudy_pro\Driftbottle\Driftbottle\api.php on line 745
[21-Apr-2025 10:18:38 Asia/Shanghai] VIP用户 4 的免费次数使用情况：
[21-Apr-2025 10:18:38 Asia/Shanghai] 已使用次数: 0
[21-Apr-2025 10:18:38 Asia/Shanghai] 普通免费剩余: 5
[21-Apr-2025 10:18:38 Asia/Shanghai] VIP专属剩余: 5
[21-Apr-2025 10:18:38 Asia/Shanghai] PHP Fatal error:  Uncaught Error: Call to undefined function get_points_config() in E:\phpstudy_pro\Driftbottle\Driftbottle\api.php:647
Stack trace:
#0 {main}
  thrown in E:\phpstudy_pro\Driftbottle\Driftbottle\api.php on line 647
[21-Apr-2025 10:18:38 Asia/Shanghai] VIP用户 4 的免费次数使用情况：
[21-Apr-2025 10:18:38 Asia/Shanghai] 已使用次数: 0
[21-Apr-2025 10:18:38 Asia/Shanghai] 普通免费剩余: 5
[21-Apr-2025 10:18:38 Asia/Shanghai] VIP专属剩余: 5
[21-Apr-2025 10:18:38 Asia/Shanghai] VIP用户 4 的免费次数使用情况：
[21-Apr-2025 10:18:38 Asia/Shanghai] 已使用次数: 0
[21-Apr-2025 10:18:38 Asia/Shanghai] 普通免费剩余: 5
[21-Apr-2025 10:18:38 Asia/Shanghai] VIP专属剩余: 5
[21-Apr-2025 10:18:39 Asia/Shanghai] VIP用户 4 的免费次数使用情况：
[21-Apr-2025 10:18:39 Asia/Shanghai] 已使用次数: 0
[21-Apr-2025 10:18:39 Asia/Shanghai] 普通免费剩余: 5
[21-Apr-2025 10:18:39 Asia/Shanghai] VIP专属剩余: 5
[21-Apr-2025 10:18:40 Asia/Shanghai] PHP Fatal error:  Uncaught Error: Call to undefined function get_limits_config() in E:\phpstudy_pro\Driftbottle\Driftbottle\api.php:745
Stack trace:
#0 {main}
  thrown in E:\phpstudy_pro\Driftbottle\Driftbottle\api.php on line 745
[21-Apr-2025 10:18:40 Asia/Shanghai] VIP用户 4 的免费次数使用情况：
[21-Apr-2025 10:18:40 Asia/Shanghai] 已使用次数: 0
[21-Apr-2025 10:18:40 Asia/Shanghai] 普通免费剩余: 5
[21-Apr-2025 10:18:40 Asia/Shanghai] VIP专属剩余: 5
[21-Apr-2025 10:18:40 Asia/Shanghai] PHP Fatal error:  Uncaught Error: Call to undefined function get_points_config() in E:\phpstudy_pro\Driftbottle\Driftbottle\api.php:647
Stack trace:
#0 {main}
  thrown in E:\phpstudy_pro\Driftbottle\Driftbottle\api.php on line 647
[21-Apr-2025 10:18:40 Asia/Shanghai] VIP用户 4 的免费次数使用情况：
[21-Apr-2025 10:18:40 Asia/Shanghai] 已使用次数: 0
[21-Apr-2025 10:18:40 Asia/Shanghai] 普通免费剩余: 5
[21-Apr-2025 10:18:40 Asia/Shanghai] VIP专属剩余: 5
[21-Apr-2025 10:18:40 Asia/Shanghai] VIP用户 4 的免费次数使用情况：
[21-Apr-2025 10:18:40 Asia/Shanghai] 已使用次数: 0
[21-Apr-2025 10:18:40 Asia/Shanghai] 普通免费剩余: 5
[21-Apr-2025 10:18:40 Asia/Shanghai] VIP专属剩余: 5
[21-Apr-2025 10:18:41 Asia/Shanghai] VIP用户 4 的免费次数使用情况：
[21-Apr-2025 10:18:41 Asia/Shanghai] 已使用次数: 0
[21-Apr-2025 10:18:41 Asia/Shanghai] 普通免费剩余: 5
[21-Apr-2025 10:18:41 Asia/Shanghai] VIP专属剩余: 5
[21-Apr-2025 10:22:37 Asia/Shanghai] PHP Fatal error:  Uncaught Error: Call to undefined function get_points_config() in E:\phpstudy_pro\Driftbottle\Driftbottle\api.php:647
Stack trace:
#0 {main}
  thrown in E:\phpstudy_pro\Driftbottle\Driftbottle\api.php on line 647
[21-Apr-2025 10:22:37 Asia/Shanghai] PHP Fatal error:  Uncaught Error: Call to undefined function get_limits_config() in E:\phpstudy_pro\Driftbottle\Driftbottle\api.php:745
Stack trace:
#0 {main}
  thrown in E:\phpstudy_pro\Driftbottle\Driftbottle\api.php on line 745
[21-Apr-2025 10:22:37 Asia/Shanghai] VIP用户 4 的免费次数使用情况：
[21-Apr-2025 10:22:37 Asia/Shanghai] 已使用次数: 0
[21-Apr-2025 10:22:37 Asia/Shanghai] 普通免费剩余: 5
[21-Apr-2025 10:22:37 Asia/Shanghai] VIP专属剩余: 5
[21-Apr-2025 10:22:37 Asia/Shanghai] VIP用户 4 的免费次数使用情况：
[21-Apr-2025 10:22:37 Asia/Shanghai] 已使用次数: 0
[21-Apr-2025 10:22:37 Asia/Shanghai] 普通免费剩余: 5
[21-Apr-2025 10:22:37 Asia/Shanghai] VIP专属剩余: 5
[21-Apr-2025 10:22:38 Asia/Shanghai] VIP用户 4 的免费次数使用情况：
[21-Apr-2025 10:22:38 Asia/Shanghai] 已使用次数: 0
[21-Apr-2025 10:22:38 Asia/Shanghai] 普通免费剩余: 5
[21-Apr-2025 10:22:38 Asia/Shanghai] VIP专属剩余: 5
[21-Apr-2025 10:22:38 Asia/Shanghai] VIP用户 4 的免费次数使用情况：
[21-Apr-2025 10:22:38 Asia/Shanghai] 已使用次数: 0
[21-Apr-2025 10:22:38 Asia/Shanghai] 普通免费剩余: 5
[21-Apr-2025 10:22:38 Asia/Shanghai] VIP专属剩余: 5
[21-Apr-2025 10:23:55 Asia/Shanghai] PHP Fatal error:  Uncaught Error: Call to undefined function get_points_config() in E:\phpstudy_pro\Driftbottle\Driftbottle\api.php:662
Stack trace:
#0 {main}
  thrown in E:\phpstudy_pro\Driftbottle\Driftbottle\api.php on line 662
[21-Apr-2025 10:23:56 Asia/Shanghai] PHP Fatal error:  Uncaught Error: Call to undefined function get_limits_config() in E:\phpstudy_pro\Driftbottle\Driftbottle\api.php:761
Stack trace:
#0 {main}
  thrown in E:\phpstudy_pro\Driftbottle\Driftbottle\api.php on line 761
[21-Apr-2025 10:23:56 Asia/Shanghai] VIP用户 4 的免费次数使用情况：
[21-Apr-2025 10:23:56 Asia/Shanghai] 已使用次数: 0
[21-Apr-2025 10:23:56 Asia/Shanghai] 普通免费剩余: 5
[21-Apr-2025 10:23:56 Asia/Shanghai] VIP专属剩余: 5
[21-Apr-2025 10:23:56 Asia/Shanghai] VIP用户 4 的免费次数使用情况：
[21-Apr-2025 10:23:56 Asia/Shanghai] 已使用次数: 0
[21-Apr-2025 10:23:56 Asia/Shanghai] 普通免费剩余: 5
[21-Apr-2025 10:23:56 Asia/Shanghai] VIP专属剩余: 5
[21-Apr-2025 10:23:56 Asia/Shanghai] VIP用户 4 的免费次数使用情况：
[21-Apr-2025 10:23:56 Asia/Shanghai] 已使用次数: 0
[21-Apr-2025 10:23:56 Asia/Shanghai] 普通免费剩余: 5
[21-Apr-2025 10:23:56 Asia/Shanghai] VIP专属剩余: 5
[21-Apr-2025 10:23:56 Asia/Shanghai] VIP用户 4 的免费次数使用情况：
[21-Apr-2025 10:23:56 Asia/Shanghai] 已使用次数: 0
[21-Apr-2025 10:23:56 Asia/Shanghai] 普通免费剩余: 5
[21-Apr-2025 10:23:56 Asia/Shanghai] VIP专属剩余: 5
[21-Apr-2025 10:23:59 Asia/Shanghai] PHP Fatal error:  Uncaught Error: Call to undefined function get_points_config() in E:\phpstudy_pro\Driftbottle\Driftbottle\api.php:662
Stack trace:
#0 {main}
  thrown in E:\phpstudy_pro\Driftbottle\Driftbottle\api.php on line 662
[21-Apr-2025 10:23:59 Asia/Shanghai] VIP用户 4 的免费次数使用情况：
[21-Apr-2025 10:23:59 Asia/Shanghai] 已使用次数: 0
[21-Apr-2025 10:23:59 Asia/Shanghai] 普通免费剩余: 5
[21-Apr-2025 10:23:59 Asia/Shanghai] VIP专属剩余: 5
[21-Apr-2025 10:23:59 Asia/Shanghai] PHP Fatal error:  Uncaught Error: Call to undefined function get_limits_config() in E:\phpstudy_pro\Driftbottle\Driftbottle\api.php:761
Stack trace:
#0 {main}
  thrown in E:\phpstudy_pro\Driftbottle\Driftbottle\api.php on line 761
[21-Apr-2025 10:23:59 Asia/Shanghai] VIP用户 4 的免费次数使用情况：
[21-Apr-2025 10:23:59 Asia/Shanghai] 已使用次数: 0
[21-Apr-2025 10:23:59 Asia/Shanghai] 普通免费剩余: 5
[21-Apr-2025 10:23:59 Asia/Shanghai] VIP专属剩余: 5
[21-Apr-2025 10:23:59 Asia/Shanghai] VIP用户 4 的免费次数使用情况：
[21-Apr-2025 10:23:59 Asia/Shanghai] 已使用次数: 0
[21-Apr-2025 10:23:59 Asia/Shanghai] 普通免费剩余: 5
[21-Apr-2025 10:23:59 Asia/Shanghai] VIP专属剩余: 5
[21-Apr-2025 10:23:59 Asia/Shanghai] VIP用户 4 的免费次数使用情况：
[21-Apr-2025 10:23:59 Asia/Shanghai] 已使用次数: 0
[21-Apr-2025 10:23:59 Asia/Shanghai] 普通免费剩余: 5
[21-Apr-2025 10:23:59 Asia/Shanghai] VIP专属剩余: 5
[21-Apr-2025 10:24:14 Asia/Shanghai] VIP用户 4 的免费次数使用情况：
[21-Apr-2025 10:24:14 Asia/Shanghai] 已使用次数: 0
[21-Apr-2025 10:24:14 Asia/Shanghai] 普通免费剩余: 5
[21-Apr-2025 10:24:14 Asia/Shanghai] VIP专属剩余: 5
[21-Apr-2025 10:24:15 Asia/Shanghai] VIP用户 4 的免费次数使用情况：
[21-Apr-2025 10:24:15 Asia/Shanghai] 已使用次数: 0
[21-Apr-2025 10:24:15 Asia/Shanghai] 普通免费剩余: 5
[21-Apr-2025 10:24:15 Asia/Shanghai] VIP专属剩余: 5
[21-Apr-2025 10:24:15 Asia/Shanghai] VIP用户 4 的免费次数使用情况：
[21-Apr-2025 10:24:15 Asia/Shanghai] 已使用次数: 0
[21-Apr-2025 10:24:15 Asia/Shanghai] 普通免费剩余: 5
[21-Apr-2025 10:24:15 Asia/Shanghai] VIP专属剩余: 5
[21-Apr-2025 10:24:15 Asia/Shanghai] VIP用户 4 的免费次数使用情况：
[21-Apr-2025 10:24:15 Asia/Shanghai] 已使用次数: 0
[21-Apr-2025 10:24:15 Asia/Shanghai] 普通免费剩余: 5
[21-Apr-2025 10:24:15 Asia/Shanghai] VIP专属剩余: 5
[21-Apr-2025 10:36:16 Asia/Shanghai] VIP用户 4 的免费次数使用情况：
[21-Apr-2025 10:36:16 Asia/Shanghai] 已使用次数: 0
[21-Apr-2025 10:36:16 Asia/Shanghai] 普通免费剩余: 5
[21-Apr-2025 10:36:16 Asia/Shanghai] VIP专属剩余: 5
[21-Apr-2025 10:36:16 Asia/Shanghai] VIP用户 4 的免费次数使用情况：
[21-Apr-2025 10:36:16 Asia/Shanghai] 已使用次数: 0
[21-Apr-2025 10:36:16 Asia/Shanghai] 普通免费剩余: 5
[21-Apr-2025 10:36:16 Asia/Shanghai] VIP专属剩余: 5
[21-Apr-2025 10:36:22 Asia/Shanghai] VIP用户 5 的免费次数使用情况：
[21-Apr-2025 10:36:22 Asia/Shanghai] 已使用次数: 10
[21-Apr-2025 10:36:22 Asia/Shanghai] 普通免费剩余: 0
[21-Apr-2025 10:36:22 Asia/Shanghai] VIP专属剩余: 0
[21-Apr-2025 10:36:23 Asia/Shanghai] VIP用户 5 的免费次数使用情况：
[21-Apr-2025 10:36:23 Asia/Shanghai] 已使用次数: 10
[21-Apr-2025 10:36:23 Asia/Shanghai] 普通免费剩余: 0
[21-Apr-2025 10:36:23 Asia/Shanghai] VIP专属剩余: 0
[21-Apr-2025 10:36:24 Asia/Shanghai] VIP用户 5 的免费次数使用情况：
[21-Apr-2025 10:36:24 Asia/Shanghai] 已使用次数: 10
[21-Apr-2025 10:36:24 Asia/Shanghai] 普通免费剩余: 0
[21-Apr-2025 10:36:24 Asia/Shanghai] VIP专属剩余: 0
[21-Apr-2025 10:36:24 Asia/Shanghai] VIP用户 5 的免费次数使用情况：
[21-Apr-2025 10:36:24 Asia/Shanghai] 已使用次数: 10
[21-Apr-2025 10:36:24 Asia/Shanghai] 普通免费剩余: 0
[21-Apr-2025 10:36:24 Asia/Shanghai] VIP专属剩余: 0
[21-Apr-2025 10:36:24 Asia/Shanghai] VIP用户 5 的免费次数使用情况：
[21-Apr-2025 10:36:24 Asia/Shanghai] 已使用次数: 10
[21-Apr-2025 10:36:24 Asia/Shanghai] 普通免费剩余: 0
[21-Apr-2025 10:36:24 Asia/Shanghai] VIP专属剩余: 0
[21-Apr-2025 10:38:36 Asia/Shanghai] VIP用户 5 的免费次数使用情况：
[21-Apr-2025 10:38:36 Asia/Shanghai] 已使用次数: 10
[21-Apr-2025 10:38:36 Asia/Shanghai] 普通免费剩余: 0
[21-Apr-2025 10:38:36 Asia/Shanghai] VIP专属剩余: 0
[21-Apr-2025 10:38:36 Asia/Shanghai] VIP用户 5 的免费次数使用情况：
[21-Apr-2025 10:38:36 Asia/Shanghai] 已使用次数: 10
[21-Apr-2025 10:38:36 Asia/Shanghai] 普通免费剩余: 0
[21-Apr-2025 10:38:36 Asia/Shanghai] VIP专属剩余: 0
[21-Apr-2025 10:38:36 Asia/Shanghai] VIP用户 5 的免费次数使用情况：
[21-Apr-2025 10:38:36 Asia/Shanghai] 已使用次数: 10
[21-Apr-2025 10:38:36 Asia/Shanghai] 普通免费剩余: 0
[21-Apr-2025 10:38:36 Asia/Shanghai] VIP专属剩余: 0
[21-Apr-2025 10:38:36 Asia/Shanghai] VIP用户 5 的免费次数使用情况：
[21-Apr-2025 10:38:36 Asia/Shanghai] 已使用次数: 10
[21-Apr-2025 10:38:36 Asia/Shanghai] 普通免费剩余: 0
[21-Apr-2025 10:38:36 Asia/Shanghai] VIP专属剩余: 0
[21-Apr-2025 10:40:32 Asia/Shanghai] VIP用户 5 的免费次数使用情况：
[21-Apr-2025 10:40:32 Asia/Shanghai] 已使用次数: 10
[21-Apr-2025 10:40:32 Asia/Shanghai] 普通免费剩余: 0
[21-Apr-2025 10:40:32 Asia/Shanghai] VIP专属剩余: 0
[21-Apr-2025 10:40:32 Asia/Shanghai] VIP用户 5 的免费次数使用情况：
[21-Apr-2025 10:40:32 Asia/Shanghai] 已使用次数: 10
[21-Apr-2025 10:40:32 Asia/Shanghai] 普通免费剩余: 0
[21-Apr-2025 10:40:32 Asia/Shanghai] VIP专属剩余: 0
[21-Apr-2025 10:40:32 Asia/Shanghai] VIP用户 5 的免费次数使用情况：
[21-Apr-2025 10:40:32 Asia/Shanghai] 已使用次数: 10
[21-Apr-2025 10:40:32 Asia/Shanghai] 普通免费剩余: 0
[21-Apr-2025 10:40:32 Asia/Shanghai] VIP专属剩余: 0
[21-Apr-2025 10:40:32 Asia/Shanghai] VIP用户 5 的免费次数使用情况：
[21-Apr-2025 10:40:32 Asia/Shanghai] 已使用次数: 10
[21-Apr-2025 10:40:32 Asia/Shanghai] 普通免费剩余: 0
[21-Apr-2025 10:40:32 Asia/Shanghai] VIP专属剩余: 0
[21-Apr-2025 10:40:56 Asia/Shanghai] VIP用户 4 的免费次数使用情况：
[21-Apr-2025 10:40:56 Asia/Shanghai] 已使用次数: 0
[21-Apr-2025 10:40:56 Asia/Shanghai] 普通免费剩余: 5
[21-Apr-2025 10:40:56 Asia/Shanghai] VIP专属剩余: 5
[21-Apr-2025 10:40:57 Asia/Shanghai] VIP用户 4 的免费次数使用情况：
[21-Apr-2025 10:40:57 Asia/Shanghai] 已使用次数: 0
[21-Apr-2025 10:40:57 Asia/Shanghai] 普通免费剩余: 5
[21-Apr-2025 10:40:57 Asia/Shanghai] VIP专属剩余: 5
[21-Apr-2025 10:40:58 Asia/Shanghai] VIP用户 4 的免费次数使用情况：
[21-Apr-2025 10:40:58 Asia/Shanghai] 已使用次数: 0
[21-Apr-2025 10:40:58 Asia/Shanghai] 普通免费剩余: 5
[21-Apr-2025 10:40:58 Asia/Shanghai] VIP专属剩余: 5
[21-Apr-2025 10:40:58 Asia/Shanghai] VIP用户 4 的免费次数使用情况：
[21-Apr-2025 10:40:58 Asia/Shanghai] 已使用次数: 0
[21-Apr-2025 10:40:58 Asia/Shanghai] 普通免费剩余: 5
[21-Apr-2025 10:40:58 Asia/Shanghai] VIP专属剩余: 5
[21-Apr-2025 10:40:58 Asia/Shanghai] VIP用户 4 的免费次数使用情况：
[21-Apr-2025 10:40:58 Asia/Shanghai] 已使用次数: 0
[21-Apr-2025 10:40:58 Asia/Shanghai] 普通免费剩余: 5
[21-Apr-2025 10:40:58 Asia/Shanghai] VIP专属剩余: 5
[21-Apr-2025 10:41:23 Asia/Shanghai] VIP用户 4 的免费次数使用情况：
[21-Apr-2025 10:41:23 Asia/Shanghai] 已使用次数: 0
[21-Apr-2025 10:41:23 Asia/Shanghai] 普通免费剩余: 5
[21-Apr-2025 10:41:23 Asia/Shanghai] VIP专属剩余: 5
[21-Apr-2025 10:41:23 Asia/Shanghai] VIP用户 4 的免费次数使用情况：
[21-Apr-2025 10:41:23 Asia/Shanghai] 已使用次数: 0
[21-Apr-2025 10:41:23 Asia/Shanghai] 普通免费剩余: 5
[21-Apr-2025 10:41:23 Asia/Shanghai] VIP专属剩余: 5
[21-Apr-2025 10:41:23 Asia/Shanghai] VIP用户 4 的免费次数使用情况：
[21-Apr-2025 10:41:23 Asia/Shanghai] 已使用次数: 0
[21-Apr-2025 10:41:23 Asia/Shanghai] 普通免费剩余: 5
[21-Apr-2025 10:41:23 Asia/Shanghai] VIP专属剩余: 5
[21-Apr-2025 10:41:24 Asia/Shanghai] VIP用户 4 的免费次数使用情况：
[21-Apr-2025 10:41:24 Asia/Shanghai] 已使用次数: 0
[21-Apr-2025 10:41:24 Asia/Shanghai] 普通免费剩余: 5
[21-Apr-2025 10:41:24 Asia/Shanghai] VIP专属剩余: 5
[21-Apr-2025 10:41:24 Asia/Shanghai] VIP用户 4 的免费次数使用情况：
[21-Apr-2025 10:41:24 Asia/Shanghai] 已使用次数: 0
[21-Apr-2025 10:41:24 Asia/Shanghai] 普通免费剩余: 5
[21-Apr-2025 10:41:24 Asia/Shanghai] VIP专属剩余: 5
[21-Apr-2025 10:44:31 Asia/Shanghai] VIP用户 4 的免费次数使用情况：
[21-Apr-2025 10:44:31 Asia/Shanghai] 已使用次数: 0
[21-Apr-2025 10:44:31 Asia/Shanghai] 普通免费剩余: 5
[21-Apr-2025 10:44:31 Asia/Shanghai] VIP专属剩余: 5
[21-Apr-2025 10:44:31 Asia/Shanghai] VIP用户 4 的免费次数使用情况：
[21-Apr-2025 10:44:31 Asia/Shanghai] 已使用次数: 0
[21-Apr-2025 10:44:31 Asia/Shanghai] 普通免费剩余: 5
[21-Apr-2025 10:44:31 Asia/Shanghai] VIP专属剩余: 5
[21-Apr-2025 10:44:31 Asia/Shanghai] VIP用户 4 的免费次数使用情况：
[21-Apr-2025 10:44:31 Asia/Shanghai] 已使用次数: 0
[21-Apr-2025 10:44:31 Asia/Shanghai] 普通免费剩余: 5
[21-Apr-2025 10:44:31 Asia/Shanghai] VIP专属剩余: 5
[21-Apr-2025 10:44:32 Asia/Shanghai] VIP用户 4 的免费次数使用情况：
[21-Apr-2025 10:44:32 Asia/Shanghai] 已使用次数: 0
[21-Apr-2025 10:44:32 Asia/Shanghai] 普通免费剩余: 5
[21-Apr-2025 10:44:32 Asia/Shanghai] VIP专属剩余: 5
[21-Apr-2025 10:44:32 Asia/Shanghai] VIP用户 4 的免费次数使用情况：
[21-Apr-2025 10:44:32 Asia/Shanghai] 已使用次数: 0
[21-Apr-2025 10:44:32 Asia/Shanghai] 普通免费剩余: 5
[21-Apr-2025 10:44:32 Asia/Shanghai] VIP专属剩余: 5
[21-Apr-2025 10:44:49 Asia/Shanghai] VIP用户 4 的免费次数使用情况：
[21-Apr-2025 10:44:49 Asia/Shanghai] 已使用次数: 0
[21-Apr-2025 10:44:49 Asia/Shanghai] 普通免费剩余: 500
[21-Apr-2025 10:44:49 Asia/Shanghai] VIP专属剩余: 500
[21-Apr-2025 10:44:50 Asia/Shanghai] VIP用户 4 的免费次数使用情况：
[21-Apr-2025 10:44:50 Asia/Shanghai] 已使用次数: 0
[21-Apr-2025 10:44:50 Asia/Shanghai] 普通免费剩余: 500
[21-Apr-2025 10:44:50 Asia/Shanghai] VIP专属剩余: 500
[21-Apr-2025 10:44:50 Asia/Shanghai] VIP用户 4 的免费次数使用情况：
[21-Apr-2025 10:44:50 Asia/Shanghai] 已使用次数: 0
[21-Apr-2025 10:44:50 Asia/Shanghai] 普通免费剩余: 500
[21-Apr-2025 10:44:50 Asia/Shanghai] VIP专属剩余: 500
[21-Apr-2025 10:44:50 Asia/Shanghai] VIP用户 4 的免费次数使用情况：
[21-Apr-2025 10:44:50 Asia/Shanghai] 已使用次数: 0
[21-Apr-2025 10:44:50 Asia/Shanghai] 普通免费剩余: 500
[21-Apr-2025 10:44:50 Asia/Shanghai] VIP专属剩余: 500
[21-Apr-2025 10:44:50 Asia/Shanghai] VIP用户 4 的免费次数使用情况：
[21-Apr-2025 10:44:50 Asia/Shanghai] 已使用次数: 0
[21-Apr-2025 10:44:50 Asia/Shanghai] 普通免费剩余: 500
[21-Apr-2025 10:44:50 Asia/Shanghai] VIP专属剩余: 500
[21-Apr-2025 10:44:55 Asia/Shanghai] VIP用户 4 的免费次数使用情况：
[21-Apr-2025 10:44:55 Asia/Shanghai] 已使用次数: 0
[21-Apr-2025 10:44:55 Asia/Shanghai] 普通免费剩余: 500
[21-Apr-2025 10:44:55 Asia/Shanghai] VIP专属剩余: 500
[21-Apr-2025 10:44:56 Asia/Shanghai] VIP用户 4 的免费次数使用情况：
[21-Apr-2025 10:44:56 Asia/Shanghai] 已使用次数: 0
[21-Apr-2025 10:44:56 Asia/Shanghai] 普通免费剩余: 500
[21-Apr-2025 10:44:56 Asia/Shanghai] VIP专属剩余: 500
[21-Apr-2025 10:44:56 Asia/Shanghai] VIP用户 4 的免费次数使用情况：
[21-Apr-2025 10:44:56 Asia/Shanghai] 已使用次数: 0
[21-Apr-2025 10:44:56 Asia/Shanghai] 普通免费剩余: 500
[21-Apr-2025 10:44:56 Asia/Shanghai] VIP专属剩余: 500
[21-Apr-2025 10:44:56 Asia/Shanghai] VIP用户 4 的免费次数使用情况：
[21-Apr-2025 10:44:56 Asia/Shanghai] 已使用次数: 0
[21-Apr-2025 10:44:56 Asia/Shanghai] 普通免费剩余: 500
[21-Apr-2025 10:44:56 Asia/Shanghai] VIP专属剩余: 500
[21-Apr-2025 10:45:16 Asia/Shanghai] VIP用户 4 的免费次数使用情况：
[21-Apr-2025 10:45:16 Asia/Shanghai] 已使用次数: 0
[21-Apr-2025 10:45:16 Asia/Shanghai] 普通免费剩余: 500
[21-Apr-2025 10:45:16 Asia/Shanghai] VIP专属剩余: 500
[21-Apr-2025 10:48:35 Asia/Shanghai] VIP用户 4 的免费次数使用情况：
[21-Apr-2025 10:48:35 Asia/Shanghai] 已使用次数: 0
[21-Apr-2025 10:48:35 Asia/Shanghai] 普通免费剩余: 500
[21-Apr-2025 10:48:35 Asia/Shanghai] VIP专属剩余: 500
[21-Apr-2025 10:54:59 Asia/Shanghai] VIP用户 4 的免费次数使用情况：
[21-Apr-2025 10:54:59 Asia/Shanghai] 已使用次数: 0
[21-Apr-2025 10:54:59 Asia/Shanghai] 普通免费剩余: 500
[21-Apr-2025 10:54:59 Asia/Shanghai] VIP专属剩余: 500
[21-Apr-2025 11:03:43 Asia/Shanghai] VIP用户 4 的免费次数使用情况：
[21-Apr-2025 11:03:43 Asia/Shanghai] 已使用次数: 0
[21-Apr-2025 11:03:43 Asia/Shanghai] 普通免费剩余: 500
[21-Apr-2025 11:03:43 Asia/Shanghai] VIP专属剩余: 500
[21-Apr-2025 11:03:45 Asia/Shanghai] VIP用户 4 的免费次数使用情况：
[21-Apr-2025 11:03:45 Asia/Shanghai] 已使用次数: 0
[21-Apr-2025 11:03:45 Asia/Shanghai] 普通免费剩余: 500
[21-Apr-2025 11:03:45 Asia/Shanghai] VIP专属剩余: 500
[21-Apr-2025 11:03:45 Asia/Shanghai] VIP用户 4 的免费次数使用情况：
[21-Apr-2025 11:03:45 Asia/Shanghai] 已使用次数: 0
[21-Apr-2025 11:03:45 Asia/Shanghai] 普通免费剩余: 500
[21-Apr-2025 11:03:45 Asia/Shanghai] VIP专属剩余: 500
[21-Apr-2025 11:03:46 Asia/Shanghai] VIP用户 4 的免费次数使用情况：
[21-Apr-2025 11:03:46 Asia/Shanghai] 已使用次数: 0
[21-Apr-2025 11:03:46 Asia/Shanghai] 普通免费剩余: 500
[21-Apr-2025 11:03:46 Asia/Shanghai] VIP专属剩余: 500
[21-Apr-2025 11:03:46 Asia/Shanghai] VIP用户 4 的免费次数使用情况：
[21-Apr-2025 11:03:46 Asia/Shanghai] 已使用次数: 0
[21-Apr-2025 11:03:46 Asia/Shanghai] 普通免费剩余: 500
[21-Apr-2025 11:03:46 Asia/Shanghai] VIP专属剩余: 500
[21-Apr-2025 11:03:49 Asia/Shanghai] VIP用户 4 的免费次数使用情况：
[21-Apr-2025 11:03:49 Asia/Shanghai] 已使用次数: 0
[21-Apr-2025 11:03:49 Asia/Shanghai] 普通免费剩余: 500
[21-Apr-2025 11:03:49 Asia/Shanghai] VIP专属剩余: 500
[21-Apr-2025 11:03:49 Asia/Shanghai] VIP用户 4 的免费次数使用情况：
[21-Apr-2025 11:03:49 Asia/Shanghai] 已使用次数: 0
[21-Apr-2025 11:03:49 Asia/Shanghai] 普通免费剩余: 500
[21-Apr-2025 11:03:49 Asia/Shanghai] VIP专属剩余: 500
[21-Apr-2025 11:03:49 Asia/Shanghai] VIP用户 4 的免费次数使用情况：
[21-Apr-2025 11:03:49 Asia/Shanghai] 已使用次数: 0
[21-Apr-2025 11:03:49 Asia/Shanghai] 普通免费剩余: 500
[21-Apr-2025 11:03:49 Asia/Shanghai] VIP专属剩余: 500
[21-Apr-2025 11:03:49 Asia/Shanghai] VIP用户 4 的免费次数使用情况：
[21-Apr-2025 11:03:49 Asia/Shanghai] 已使用次数: 1
[21-Apr-2025 11:03:49 Asia/Shanghai] 普通免费剩余: 499
[21-Apr-2025 11:03:49 Asia/Shanghai] VIP专属剩余: 500
[21-Apr-2025 11:03:51 Asia/Shanghai] VIP用户 4 的免费次数使用情况：
[21-Apr-2025 11:03:51 Asia/Shanghai] 已使用次数: 1
[21-Apr-2025 11:03:51 Asia/Shanghai] 普通免费剩余: 499
[21-Apr-2025 11:03:51 Asia/Shanghai] VIP专属剩余: 500
[21-Apr-2025 11:03:51 Asia/Shanghai] VIP用户 4 的免费次数使用情况：
[21-Apr-2025 11:03:51 Asia/Shanghai] 已使用次数: 1
[21-Apr-2025 11:03:51 Asia/Shanghai] 普通免费剩余: 499
[21-Apr-2025 11:03:51 Asia/Shanghai] VIP专属剩余: 500
[21-Apr-2025 11:03:51 Asia/Shanghai] VIP用户 4 的免费次数使用情况：
[21-Apr-2025 11:03:51 Asia/Shanghai] 已使用次数: 1
[21-Apr-2025 11:03:51 Asia/Shanghai] 普通免费剩余: 499
[21-Apr-2025 11:03:51 Asia/Shanghai] VIP专属剩余: 500
[21-Apr-2025 11:03:51 Asia/Shanghai] VIP用户 4 的免费次数使用情况：
[21-Apr-2025 11:03:51 Asia/Shanghai] 已使用次数: 1
[21-Apr-2025 11:03:51 Asia/Shanghai] 普通免费剩余: 499
[21-Apr-2025 11:03:51 Asia/Shanghai] VIP专属剩余: 500
[21-Apr-2025 11:03:52 Asia/Shanghai] VIP用户 4 的免费次数使用情况：
[21-Apr-2025 11:03:52 Asia/Shanghai] 已使用次数: 1
[21-Apr-2025 11:03:52 Asia/Shanghai] 普通免费剩余: 499
[21-Apr-2025 11:03:52 Asia/Shanghai] VIP专属剩余: 500
[21-Apr-2025 11:03:53 Asia/Shanghai] VIP用户 4 的免费次数使用情况：
[21-Apr-2025 11:03:53 Asia/Shanghai] 已使用次数: 1
[21-Apr-2025 11:03:53 Asia/Shanghai] 普通免费剩余: 499
[21-Apr-2025 11:03:53 Asia/Shanghai] VIP专属剩余: 500
[21-Apr-2025 11:03:53 Asia/Shanghai] VIP用户 4 的免费次数使用情况：
[21-Apr-2025 11:03:53 Asia/Shanghai] 已使用次数: 1
[21-Apr-2025 11:03:53 Asia/Shanghai] 普通免费剩余: 499
[21-Apr-2025 11:03:53 Asia/Shanghai] VIP专属剩余: 500
[21-Apr-2025 11:03:53 Asia/Shanghai] VIP用户 4 的免费次数使用情况：
[21-Apr-2025 11:03:53 Asia/Shanghai] 已使用次数: 1
[21-Apr-2025 11:03:53 Asia/Shanghai] 普通免费剩余: 499
[21-Apr-2025 11:03:53 Asia/Shanghai] VIP专属剩余: 500
[21-Apr-2025 11:03:53 Asia/Shanghai] VIP用户 4 的免费次数使用情况：
[21-Apr-2025 11:03:53 Asia/Shanghai] 已使用次数: 1
[21-Apr-2025 11:03:53 Asia/Shanghai] 普通免费剩余: 499
[21-Apr-2025 11:03:53 Asia/Shanghai] VIP专属剩余: 500
[21-Apr-2025 11:03:56 Asia/Shanghai] VIP用户 4 的免费次数使用情况：
[21-Apr-2025 11:03:56 Asia/Shanghai] 已使用次数: 1
[21-Apr-2025 11:03:56 Asia/Shanghai] 普通免费剩余: 499
[21-Apr-2025 11:03:56 Asia/Shanghai] VIP专属剩余: 500
[21-Apr-2025 11:03:59 Asia/Shanghai] VIP用户 4 的免费次数使用情况：
[21-Apr-2025 11:03:59 Asia/Shanghai] 已使用次数: 1
[21-Apr-2025 11:03:59 Asia/Shanghai] 普通免费剩余: 499
[21-Apr-2025 11:03:59 Asia/Shanghai] VIP专属剩余: 500
[21-Apr-2025 11:07:52 Asia/Shanghai] ------- 签到请求开始 -------
[21-Apr-2025 11:07:52 Asia/Shanghai] 用户ID: 6
[21-Apr-2025 11:07:52 Asia/Shanghai] 请求时间: 2025-04-21 11:07:52
[21-Apr-2025 11:07:52 Asia/Shanghai] 客户端IP: 127.0.0.1
[21-Apr-2025 11:07:52 Asia/Shanghai] 用户代理: Mozilla/5.0 (Windows NT 10.0; Win64; x64) AppleWebKit/537.36 (KHTML, like Gecko) Chrome/135.0.0.0 Safari/537.36
[21-Apr-2025 11:07:52 Asia/Shanghai] 调用userCheckin函数...
[21-Apr-2025 11:07:52 Asia/Shanghai] 开始执行userCheckin函数，用户ID: 6
[21-Apr-2025 11:07:52 Asia/Shanghai] 准备开始事务处理
[21-Apr-2025 11:07:52 Asia/Shanghai] 事务开始成功
[21-Apr-2025 11:07:52 Asia/Shanghai] 检查用户是否今日已签到
[21-Apr-2025 11:07:52 Asia/Shanghai] 获取昨天的签到记录
[21-Apr-2025 11:07:52 Asia/Shanghai] 检查用户VIP状态
[21-Apr-2025 11:07:52 Asia/Shanghai] 插入今天的签到记录
[21-Apr-2025 11:07:52 Asia/Shanghai] 签到记录插入成功，开始更新用户积分
[21-Apr-2025 11:07:52 Asia/Shanghai] 记录积分历史
[21-Apr-2025 11:07:52 Asia/Shanghai] 会话中的积分已更新: 100
[21-Apr-2025 11:07:52 Asia/Shanghai] 所有操作完成，准备提交事务
[21-Apr-2025 11:07:52 Asia/Shanghai] 事务提交成功
[21-Apr-2025 11:07:52 Asia/Shanghai] 签到成功，返回结果
[21-Apr-2025 11:07:52 Asia/Shanghai] userCheckin函数调用完成，结果: 成功
[21-Apr-2025 11:07:52 Asia/Shanghai] 响应内容: {"success":true,"consecutive_days":1,"points_earned":100,"is_weekly_bonus":false,"is_vip":false,"vip_bonus_points":0}
[21-Apr-2025 11:07:52 Asia/Shanghai] ------- 签到请求结束 -------
[21-Apr-2025 11:10:45 Asia/Shanghai] ------- 签到请求开始 -------
[21-Apr-2025 11:10:45 Asia/Shanghai] 用户ID: 7
[21-Apr-2025 11:10:45 Asia/Shanghai] 请求时间: 2025-04-21 11:10:45
[21-Apr-2025 11:10:45 Asia/Shanghai] 客户端IP: 127.0.0.1
[21-Apr-2025 11:10:45 Asia/Shanghai] 用户代理: Mozilla/5.0 (Windows NT 10.0; Win64; x64) AppleWebKit/537.36 (KHTML, like Gecko) Chrome/135.0.0.0 Safari/537.36
[21-Apr-2025 11:10:45 Asia/Shanghai] 调用userCheckin函数...
[21-Apr-2025 11:10:45 Asia/Shanghai] 开始执行userCheckin函数，用户ID: 7
[21-Apr-2025 11:10:45 Asia/Shanghai] 准备开始事务处理
[21-Apr-2025 11:10:45 Asia/Shanghai] 事务开始成功
[21-Apr-2025 11:10:45 Asia/Shanghai] 检查用户是否今日已签到
[21-Apr-2025 11:10:45 Asia/Shanghai] 获取昨天的签到记录
[21-Apr-2025 11:10:45 Asia/Shanghai] 检查用户VIP状态
[21-Apr-2025 11:10:45 Asia/Shanghai] 插入今天的签到记录
[21-Apr-2025 11:10:45 Asia/Shanghai] 签到记录插入成功，开始更新用户积分
[21-Apr-2025 11:10:45 Asia/Shanghai] 记录积分历史
[21-Apr-2025 11:10:45 Asia/Shanghai] 会话中的积分已更新: 100
[21-Apr-2025 11:10:45 Asia/Shanghai] 所有操作完成，准备提交事务
[21-Apr-2025 11:10:45 Asia/Shanghai] 事务提交成功
[21-Apr-2025 11:10:45 Asia/Shanghai] 签到成功，返回结果
[21-Apr-2025 11:10:45 Asia/Shanghai] userCheckin函数调用完成，结果: 成功
[21-Apr-2025 11:10:45 Asia/Shanghai] 响应内容: {"success":true,"consecutive_days":1,"points_earned":100,"is_weekly_bonus":false,"is_vip":false,"vip_bonus_points":0}
[21-Apr-2025 11:10:45 Asia/Shanghai] ------- 签到请求结束 -------
[21-Apr-2025 11:11:06 Asia/Shanghai] VIP用户 7 的免费次数使用情况：
[21-Apr-2025 11:11:06 Asia/Shanghai] 已使用次数: 5
[21-Apr-2025 11:11:06 Asia/Shanghai] 普通免费剩余: 0
[21-Apr-2025 11:11:06 Asia/Shanghai] VIP专属剩余: 5
[21-Apr-2025 11:11:06 Asia/Shanghai] VIP用户 7 的免费次数使用情况：
[21-Apr-2025 11:11:06 Asia/Shanghai] 已使用次数: 5
[21-Apr-2025 11:11:06 Asia/Shanghai] 普通免费剩余: 0
[21-Apr-2025 11:11:06 Asia/Shanghai] VIP专属剩余: 5
[21-Apr-2025 11:11:06 Asia/Shanghai] VIP用户 7 的免费次数使用情况：
[21-Apr-2025 11:11:06 Asia/Shanghai] 已使用次数: 5
[21-Apr-2025 11:11:06 Asia/Shanghai] 普通免费剩余: 0
[21-Apr-2025 11:11:06 Asia/Shanghai] VIP专属剩余: 5
[21-Apr-2025 11:11:06 Asia/Shanghai] VIP用户 7 的免费次数使用情况：
[21-Apr-2025 11:11:06 Asia/Shanghai] 已使用次数: 5
[21-Apr-2025 11:11:06 Asia/Shanghai] 普通免费剩余: 0
[21-Apr-2025 11:11:06 Asia/Shanghai] VIP专属剩余: 5
[21-Apr-2025 11:11:07 Asia/Shanghai] VIP用户 7 的免费次数使用情况：
[21-Apr-2025 11:11:07 Asia/Shanghai] 已使用次数: 5
[21-Apr-2025 11:11:07 Asia/Shanghai] 普通免费剩余: 0
[21-Apr-2025 11:11:07 Asia/Shanghai] VIP专属剩余: 5
[21-Apr-2025 11:11:10 Asia/Shanghai] VIP用户 7 的免费次数使用情况：
[21-Apr-2025 11:11:10 Asia/Shanghai] 已使用次数: 5
[21-Apr-2025 11:11:10 Asia/Shanghai] 普通免费剩余: 0
[21-Apr-2025 11:11:10 Asia/Shanghai] VIP专属剩余: 5
[21-Apr-2025 11:11:11 Asia/Shanghai] VIP用户 7 的免费次数使用情况：
[21-Apr-2025 11:11:11 Asia/Shanghai] 已使用次数: 5
[21-Apr-2025 11:11:11 Asia/Shanghai] 普通免费剩余: 0
[21-Apr-2025 11:11:11 Asia/Shanghai] VIP专属剩余: 5
[21-Apr-2025 11:11:11 Asia/Shanghai] VIP用户 7 的免费次数使用情况：
[21-Apr-2025 11:11:11 Asia/Shanghai] 已使用次数: 5
[21-Apr-2025 11:11:11 Asia/Shanghai] 普通免费剩余: 0
[21-Apr-2025 11:11:11 Asia/Shanghai] VIP专属剩余: 5
[21-Apr-2025 11:11:11 Asia/Shanghai] VIP用户 7 的免费次数使用情况：
[21-Apr-2025 11:11:11 Asia/Shanghai] 已使用次数: 5
[21-Apr-2025 11:11:11 Asia/Shanghai] 普通免费剩余: 0
[21-Apr-2025 11:11:11 Asia/Shanghai] VIP专属剩余: 5
[21-Apr-2025 11:11:15 Asia/Shanghai] VIP用户 7 的免费次数使用情况：
[21-Apr-2025 11:11:15 Asia/Shanghai] 已使用次数: 5
[21-Apr-2025 11:11:15 Asia/Shanghai] 普通免费剩余: 0
[21-Apr-2025 11:11:15 Asia/Shanghai] VIP专属剩余: 5
[21-Apr-2025 11:11:15 Asia/Shanghai] VIP用户 7 的免费次数使用情况：
[21-Apr-2025 11:11:15 Asia/Shanghai] 已使用次数: 5
[21-Apr-2025 11:11:15 Asia/Shanghai] 普通免费剩余: 0
[21-Apr-2025 11:11:15 Asia/Shanghai] VIP专属剩余: 5
[21-Apr-2025 11:11:15 Asia/Shanghai] VIP用户 7 的免费次数使用情况：
[21-Apr-2025 11:11:15 Asia/Shanghai] 已使用次数: 5
[21-Apr-2025 11:11:15 Asia/Shanghai] 普通免费剩余: 0
[21-Apr-2025 11:11:15 Asia/Shanghai] VIP专属剩余: 5
[21-Apr-2025 11:11:15 Asia/Shanghai] VIP用户 7 的免费次数使用情况：
[21-Apr-2025 11:11:15 Asia/Shanghai] 已使用次数: 6
[21-Apr-2025 11:11:15 Asia/Shanghai] 普通免费剩余: 0
[21-Apr-2025 11:11:15 Asia/Shanghai] VIP专属剩余: 4
[21-Apr-2025 11:12:59 Asia/Shanghai] 获取登录历史失败: 准备登录历史查询失败: Unknown column 'created_at' in 'field list'
[21-Apr-2025 11:26:00 Asia/Shanghai] VIP用户 7 的免费次数使用情况：
[21-Apr-2025 11:26:00 Asia/Shanghai] 已使用次数: 6
[21-Apr-2025 11:26:00 Asia/Shanghai] 普通免费剩余: 0
[21-Apr-2025 11:26:00 Asia/Shanghai] VIP专属剩余: 4
